[27662] StackTrace Sanitizing stacktrace:
java.lang.StringIndexOutOfBoundsException: String index out of range: -1
	at java.lang.String.substring(String.java:1762)
	at net.jawr.web.resource.bundle.handler.ResourceBundlesHandlerImpl.removePrefixFromPath(ResourceBundlesHandlerImpl.java:201)
	at net.jawr.web.resource.bundle.handler.ResourceBundlesHandlerImpl.writeBundleTo(ResourceBundlesHandlerImpl.java:213)
	at net.jawr.web.resource.bundle.handler.CachedResourceBundlesHandler.writeBundleTo(CachedResourceBundlesHandler.java:136)
	at net.jawr.web.servlet.JawrRequestHandler.processRequest(JawrRequestHandler.java:292)
	at sun.reflect.NativeMethodAccessorImpl.invoke0(Native Method)
	at sun.reflect.NativeMethodAccessorImpl.invoke(NativeMethodAccessorImpl.java:39)
	at sun.reflect.DelegatingMethodAccessorImpl.invoke(DelegatingMethodAccessorImpl.java:25)
	at java.lang.reflect.Method.invoke(Method.java:585)
	at org.codehaus.groovy.reflection.CachedMethod.invoke(CachedMethod.java:86)
	at groovy.lang.MetaMethod.doMethodInvoke(MetaMethod.java:226)
	at groovy.lang.MetaClassImpl.invokeMethod(MetaClassImpl.java:899)
	at groovy.lang.ExpandoMetaClass.invokeMethod(ExpandoMetaClass.java:946)
	at groovy.lang.MetaClassImpl.invokeMethod(MetaClassImpl.java:740)
	at org.codehaus.groovy.runtime.InvokerHelper.invokePojoMethod(InvokerHelper.java:765)
	at org.codehaus.groovy.runtime.InvokerHelper.invokeMethod(InvokerHelper.java:753)
	at org.codehaus.groovy.runtime.ScriptBytecodeAdapter.invokeMethodN(ScriptBytecodeAdapter.java:167)
	at JawrJavascriptController$_closure1.doCall(JawrJavascriptController.groovy:14)
	at sun.reflect.NativeMethodAccessorImpl.invoke0(Native Method)
	at sun.reflect.NativeMethodAccessorImpl.invoke(NativeMethodAccessorImpl.java:39)
	at sun.reflect.DelegatingMethodAccessorImpl.invoke(DelegatingMethodAccessorImpl.java:25)
	at java.lang.reflect.Method.invoke(Method.java:585)
	at org.codehaus.groovy.reflection.CachedMethod.invoke(CachedMethod.java:86)
	at groovy.lang.MetaMethod.doMethodInvoke(MetaMethod.java:226)
	at groovy.lang.MetaClassImpl.invokeMethod(MetaClassImpl.java:899)
	at groovy.lang.ExpandoMetaClass.invokeMethod(ExpandoMetaClass.java:946)
	at org.codehaus.groovy.runtime.ScriptBytecodeAdapter.invokeMethodOnCurrentN(ScriptBytecodeAdapter.java:77)
	at JawrJavascriptController$_closure1.doCall(JawrJavascriptController.groovy)
	at sun.reflect.NativeMethodAccessorImpl.invoke0(Native Method)
	at sun.reflect.NativeMethodAccessorImpl.invoke(NativeMethodAccessorImpl.java:39)
	at sun.reflect.DelegatingMethodAccessorImpl.invoke(DelegatingMethodAccessorImpl.java:25)
	at java.lang.reflect.Method.invoke(Method.java:585)
	at org.codehaus.groovy.reflection.CachedMethod.invoke(CachedMethod.java:86)
	at groovy.lang.MetaMethod.doMethodInvoke(MetaMethod.java:226)
	at groovy.lang.MetaClassImpl.invokeMethod(MetaClassImpl.java:899)
	at groovy.lang.ExpandoMetaClass.invokeMethod(ExpandoMetaClass.java:946)
	at groovy.lang.MetaClassImpl.invokeMethod(MetaClassImpl.java:740)
	at groovy.lang.Closure.call(Closure.java:292)
	at groovy.lang.Closure.call(Closure.java:287)
	at org.codehaus.groovy.grails.web.servlet.mvc.SimpleGrailsControllerHelper.handleAction(SimpleGrailsControllerHelper.java:503)
	at org.codehaus.groovy.grails.web.servlet.mvc.SimpleGrailsControllerHelper.executeAction(SimpleGrailsControllerHelper.java:394)
	at org.codehaus.groovy.grails.web.servlet.mvc.SimpleGrailsControllerHelper.handleURI(SimpleGrailsControllerHelper.java:233)
	at org.codehaus.groovy.grails.web.servlet.mvc.SimpleGrailsControllerHelper.handleURI(SimpleGrailsControllerHelper.java:154)
	at org.codehaus.groovy.grails.web.servlet.mvc.SimpleGrailsController.handleRequest(SimpleGrailsController.java:88)
	at org.springframework.web.servlet.mvc.SimpleControllerHandlerAdapter.handle(SimpleControllerHandlerAdapter.java:48)
	at org.codehaus.groovy.grails.web.servlet.GrailsDispatcherServlet.doDispatch(GrailsDispatcherServlet.java:251)
	at org.springframework.web.servlet.DispatcherServlet.doService(DispatcherServlet.java:809)
	at org.springframework.web.servlet.FrameworkServlet.processRequest(FrameworkServlet.java:476)
	at org.springframework.web.servlet.FrameworkServlet.doGet(FrameworkServlet.java:431)
	at javax.servlet.http.HttpServlet.service(HttpServlet.java:707)
	at javax.servlet.http.HttpServlet.service(HttpServlet.java:820)
	at org.mortbay.jetty.servlet.ServletHolder.handle(ServletHolder.java:487)
	at org.mortbay.jetty.servlet.ServletHandler.handle(ServletHandler.java:367)
	at org.mortbay.jetty.security.SecurityHandler.handle(SecurityHandler.java:216)
	at org.mortbay.jetty.servlet.SessionHandler.handle(SessionHandler.java:181)
	at org.mortbay.jetty.handler.ContextHandler.handle(ContextHandler.java:712)
	at org.mortbay.jetty.webapp.WebAppContext.handle(WebAppContext.java:405)
	at org.mortbay.jetty.servlet.Dispatcher.forward(Dispatcher.java:268)
	at org.mortbay.jetty.servlet.Dispatcher.forward(Dispatcher.java:126)
	at org.codehaus.groovy.grails.web.util.WebUtils.forwardRequestForUrlMappingInfo(WebUtils.java:198)
	at org.codehaus.groovy.grails.web.util.WebUtils.forwardRequestForUrlMappingInfo(WebUtils.java:185)
	at org.codehaus.groovy.grails.web.mapping.filter.UrlMappingsFilter.doFilterInternal(UrlMappingsFilter.java:117)
	at org.springframework.web.filter.OncePerRequestFilter.doFilter(OncePerRequestFilter.java:75)
	at org.mortbay.jetty.servlet.ServletHandler$CachedChain.doFilter(ServletHandler.java:1089)
	at org.codehaus.groovy.grails.web.sitemesh.GrailsPageFilter.parsePage(GrailsPageFilter.java:119)
	at org.codehaus.groovy.grails.web.sitemesh.GrailsPageFilter.doFilter(GrailsPageFilter.java:82)
	at org.mortbay.jetty.servlet.ServletHandler$CachedChain.doFilter(ServletHandler.java:1089)
	at org.codehaus.groovy.grails.web.servlet.filter.GrailsReloadServletFilter.doFilterInternal(GrailsReloadServletFilter.java:142)
	at org.springframework.web.filter.OncePerRequestFilter.doFilter(OncePerRequestFilter.java:75)
	at org.mortbay.jetty.servlet.ServletHandler$CachedChain.doFilter(ServletHandler.java:1089)
	at org.codehaus.groovy.grails.web.servlet.mvc.GrailsWebRequestFilter.doFilterInternal(GrailsWebRequestFilter.java:68)
	at org.springframework.web.filter.OncePerRequestFilter.doFilter(OncePerRequestFilter.java:75)
	at org.mortbay.jetty.servlet.ServletHandler$CachedChain.doFilter(ServletHandler.java:1089)
	at org.springframework.web.filter.CharacterEncodingFilter.doFilterInternal(CharacterEncodingFilter.java:96)
	at org.springframework.web.filter.OncePerRequestFilter.doFilter(OncePerRequestFilter.java:75)
	at org.springframework.web.filter.DelegatingFilterProxy.invokeDelegate(DelegatingFilterProxy.java:183)
	at org.springframework.web.filter.DelegatingFilterProxy.doFilter(DelegatingFilterProxy.java:138)
	at org.mortbay.jetty.servlet.ServletHandler$CachedChain.doFilter(ServletHandler.java:1089)
	at org.mortbay.jetty.servlet.ServletHandler.handle(ServletHandler.java:365)
	at org.mortbay.jetty.security.SecurityHandler.handle(SecurityHandler.java:216)
	at org.mortbay.jetty.servlet.SessionHandler.handle(SessionHandler.java:181)
	at org.mortbay.jetty.handler.ContextHandler.handle(ContextHandler.java:712)
	at org.mortbay.jetty.webapp.WebAppContext.handle(WebAppContext.java:405)
	at org.mortbay.jetty.handler.HandlerWrapper.handle(HandlerWrapper.java:139)
	at org.mortbay.jetty.Server.handle(Server.java:295)
	at org.mortbay.jetty.HttpConnection.handleRequest(HttpConnection.java:503)
	at org.mortbay.jetty.HttpConnection$RequestHandler.headerComplete(HttpConnection.java:827)
	at org.mortbay.jetty.HttpParser.parseNext(HttpParser.java:511)
	at org.mortbay.jetty.HttpParser.parseAvailable(HttpParser.java:210)
	at org.mortbay.jetty.HttpConnection.handle(HttpConnection.java:379)
	at org.mortbay.io.nio.SelectChannelEndPoint.run(SelectChannelEndPoint.java:361)
	at org.mortbay.thread.BoundedThreadPool$PoolThread.run(BoundedThreadPool.java:442)
[27662] StackTrace Sanitizing stacktrace:
java.lang.StringIndexOutOfBoundsException: String index out of range: -1
	at java.lang.String.substring(String.java:1762)
	at net.jawr.web.resource.bundle.handler.ResourceBundlesHandlerImpl.removePrefixFromPath(ResourceBundlesHandlerImpl.java:201)
	at net.jawr.web.resource.bundle.handler.ResourceBundlesHandlerImpl.writeBundleTo(ResourceBundlesHandlerImpl.java:213)
	at net.jawr.web.resource.bundle.handler.CachedResourceBundlesHandler.writeBundleTo(CachedResourceBundlesHandler.java:136)
	at net.jawr.web.servlet.JawrRequestHandler.processRequest(JawrRequestHandler.java:292)
	at JawrJavascriptController$_closure1.doCall(JawrJavascriptController.groovy:14)
	at JawrJavascriptController$_closure1.doCall(JawrJavascriptController.groovy)
[14216] StackTrace Sanitizing stacktrace:
groovy.lang.MissingPropertyException: No such property: ConfigurationHolder for class: JawrJavascriptController
	at org.codehaus.groovy.runtime.ScriptBytecodeAdapter.unwrap(ScriptBytecodeAdapter.java:49)
	at org.codehaus.groovy.runtime.ScriptBytecodeAdapter.unwrap(ScriptBytecodeAdapter.java:59)
	at org.codehaus.groovy.runtime.ScriptBytecodeAdapter.invokeMethodN(ScriptBytecodeAdapter.java:169)
	at JawrJavascriptController.getProperty(JawrJavascriptController.groovy)
	at org.codehaus.groovy.runtime.InvokerHelper.getProperty(InvokerHelper.java:172)
	at groovy.lang.Closure.getPropertyTryThese(Closure.java:200)
	at groovy.lang.Closure.getPropertyOwnerFirst(Closure.java:216)
	at groovy.lang.Closure.getProperty(Closure.java:186)
	at org.codehaus.groovy.runtime.ScriptBytecodeAdapter.getGroovyObjectProperty(ScriptBytecodeAdapter.java:531)
	at JawrJavascriptController$_closure1.doCall(JawrJavascriptController.groovy:14)
	at sun.reflect.NativeMethodAccessorImpl.invoke0(Native Method)
	at sun.reflect.NativeMethodAccessorImpl.invoke(NativeMethodAccessorImpl.java:39)
	at sun.reflect.DelegatingMethodAccessorImpl.invoke(DelegatingMethodAccessorImpl.java:25)
	at java.lang.reflect.Method.invoke(Method.java:585)
	at org.codehaus.groovy.reflection.CachedMethod.invoke(CachedMethod.java:86)
	at groovy.lang.MetaMethod.doMethodInvoke(MetaMethod.java:226)
	at groovy.lang.MetaClassImpl.invokeMethod(MetaClassImpl.java:899)
	at groovy.lang.ExpandoMetaClass.invokeMethod(ExpandoMetaClass.java:946)
	at org.codehaus.groovy.runtime.ScriptBytecodeAdapter.invokeMethodOnCurrentN(ScriptBytecodeAdapter.java:77)
	at JawrJavascriptController$_closure1.doCall(JawrJavascriptController.groovy)
	at sun.reflect.NativeMethodAccessorImpl.invoke0(Native Method)
	at sun.reflect.NativeMethodAccessorImpl.invoke(NativeMethodAccessorImpl.java:39)
	at sun.reflect.DelegatingMethodAccessorImpl.invoke(DelegatingMethodAccessorImpl.java:25)
	at java.lang.reflect.Method.invoke(Method.java:585)
	at org.codehaus.groovy.reflection.CachedMethod.invoke(CachedMethod.java:86)
	at groovy.lang.MetaMethod.doMethodInvoke(MetaMethod.java:226)
	at groovy.lang.MetaClassImpl.invokeMethod(MetaClassImpl.java:899)
	at groovy.lang.ExpandoMetaClass.invokeMethod(ExpandoMetaClass.java:946)
	at groovy.lang.MetaClassImpl.invokeMethod(MetaClassImpl.java:740)
	at groovy.lang.Closure.call(Closure.java:292)
	at groovy.lang.Closure.call(Closure.java:287)
	at org.codehaus.groovy.grails.web.servlet.mvc.SimpleGrailsControllerHelper.handleAction(SimpleGrailsControllerHelper.java:503)
	at org.codehaus.groovy.grails.web.servlet.mvc.SimpleGrailsControllerHelper.executeAction(SimpleGrailsControllerHelper.java:394)
	at org.codehaus.groovy.grails.web.servlet.mvc.SimpleGrailsControllerHelper.handleURI(SimpleGrailsControllerHelper.java:233)
	at org.codehaus.groovy.grails.web.servlet.mvc.SimpleGrailsControllerHelper.handleURI(SimpleGrailsControllerHelper.java:154)
	at org.codehaus.groovy.grails.web.servlet.mvc.SimpleGrailsController.handleRequest(SimpleGrailsController.java:88)
	at org.springframework.web.servlet.mvc.SimpleControllerHandlerAdapter.handle(SimpleControllerHandlerAdapter.java:48)
	at org.codehaus.groovy.grails.web.servlet.GrailsDispatcherServlet.doDispatch(GrailsDispatcherServlet.java:251)
	at org.springframework.web.servlet.DispatcherServlet.doService(DispatcherServlet.java:809)
	at org.springframework.web.servlet.FrameworkServlet.processRequest(FrameworkServlet.java:476)
	at org.springframework.web.servlet.FrameworkServlet.doGet(FrameworkServlet.java:431)
	at javax.servlet.http.HttpServlet.service(HttpServlet.java:707)
	at javax.servlet.http.HttpServlet.service(HttpServlet.java:820)
	at org.mortbay.jetty.servlet.ServletHolder.handle(ServletHolder.java:487)
	at org.mortbay.jetty.servlet.ServletHandler.handle(ServletHandler.java:367)
	at org.mortbay.jetty.security.SecurityHandler.handle(SecurityHandler.java:216)
	at org.mortbay.jetty.servlet.SessionHandler.handle(SessionHandler.java:181)
	at org.mortbay.jetty.handler.ContextHandler.handle(ContextHandler.java:712)
	at org.mortbay.jetty.webapp.WebAppContext.handle(WebAppContext.java:405)
	at org.mortbay.jetty.servlet.Dispatcher.forward(Dispatcher.java:268)
	at org.mortbay.jetty.servlet.Dispatcher.forward(Dispatcher.java:126)
	at org.codehaus.groovy.grails.web.util.WebUtils.forwardRequestForUrlMappingInfo(WebUtils.java:198)
	at org.codehaus.groovy.grails.web.util.WebUtils.forwardRequestForUrlMappingInfo(WebUtils.java:185)
	at org.codehaus.groovy.grails.web.mapping.filter.UrlMappingsFilter.doFilterInternal(UrlMappingsFilter.java:117)
	at org.springframework.web.filter.OncePerRequestFilter.doFilter(OncePerRequestFilter.java:75)
	at org.mortbay.jetty.servlet.ServletHandler$CachedChain.doFilter(ServletHandler.java:1089)
	at org.codehaus.groovy.grails.web.sitemesh.GrailsPageFilter.parsePage(GrailsPageFilter.java:119)
	at org.codehaus.groovy.grails.web.sitemesh.GrailsPageFilter.doFilter(GrailsPageFilter.java:82)
	at org.mortbay.jetty.servlet.ServletHandler$CachedChain.doFilter(ServletHandler.java:1089)
	at org.codehaus.groovy.grails.web.servlet.filter.GrailsReloadServletFilter.doFilterInternal(GrailsReloadServletFilter.java:98)
	at org.springframework.web.filter.OncePerRequestFilter.doFilter(OncePerRequestFilter.java:75)
	at org.mortbay.jetty.servlet.ServletHandler$CachedChain.doFilter(ServletHandler.java:1089)
	at org.codehaus.groovy.grails.web.servlet.mvc.GrailsWebRequestFilter.doFilterInternal(GrailsWebRequestFilter.java:68)
	at org.springframework.web.filter.OncePerRequestFilter.doFilter(OncePerRequestFilter.java:75)
	at org.mortbay.jetty.servlet.ServletHandler$CachedChain.doFilter(ServletHandler.java:1089)
	at org.springframework.web.filter.CharacterEncodingFilter.doFilterInternal(CharacterEncodingFilter.java:96)
	at org.springframework.web.filter.OncePerRequestFilter.doFilter(OncePerRequestFilter.java:75)
	at org.springframework.web.filter.DelegatingFilterProxy.invokeDelegate(DelegatingFilterProxy.java:183)
	at org.springframework.web.filter.DelegatingFilterProxy.doFilter(DelegatingFilterProxy.java:138)
	at org.mortbay.jetty.servlet.ServletHandler$CachedChain.doFilter(ServletHandler.java:1089)
	at org.mortbay.jetty.servlet.ServletHandler.handle(ServletHandler.java:365)
	at org.mortbay.jetty.security.SecurityHandler.handle(SecurityHandler.java:216)
	at org.mortbay.jetty.servlet.SessionHandler.handle(SessionHandler.java:181)
	at org.mortbay.jetty.handler.ContextHandler.handle(ContextHandler.java:712)
	at org.mortbay.jetty.webapp.WebAppContext.handle(WebAppContext.java:405)
	at org.mortbay.jetty.handler.HandlerWrapper.handle(HandlerWrapper.java:139)
	at org.mortbay.jetty.Server.handle(Server.java:295)
	at org.mortbay.jetty.HttpConnection.handleRequest(HttpConnection.java:503)
	at org.mortbay.jetty.HttpConnection$RequestHandler.headerComplete(HttpConnection.java:827)
	at org.mortbay.jetty.HttpParser.parseNext(HttpParser.java:511)
	at org.mortbay.jetty.HttpParser.parseAvailable(HttpParser.java:210)
	at org.mortbay.jetty.HttpConnection.handle(HttpConnection.java:379)
	at org.mortbay.io.nio.SelectChannelEndPoint.run(SelectChannelEndPoint.java:361)
	at org.mortbay.thread.BoundedThreadPool$PoolThread.run(BoundedThreadPool.java:442)
[14216] StackTrace Sanitizing stacktrace:
groovy.lang.MissingPropertyException: No such property: ConfigurationHolder for class: JawrJavascriptController
	at JawrJavascriptController.getProperty(JawrJavascriptController.groovy)
	at JawrJavascriptController$_closure1.doCall(JawrJavascriptController.groovy:14)
	at JawrJavascriptController$_closure1.doCall(JawrJavascriptController.groovy)
[15075] StackTrace Sanitizing stacktrace:
groovy.lang.MissingPropertyException: No such property: ConfigurationHolder for class: JawrCSSController
	at org.codehaus.groovy.runtime.ScriptBytecodeAdapter.unwrap(ScriptBytecodeAdapter.java:49)
	at org.codehaus.groovy.runtime.ScriptBytecodeAdapter.unwrap(ScriptBytecodeAdapter.java:59)
	at org.codehaus.groovy.runtime.ScriptBytecodeAdapter.invokeMethodN(ScriptBytecodeAdapter.java:169)
	at JawrCSSController.getProperty(JawrCSSController.groovy)
	at org.codehaus.groovy.runtime.InvokerHelper.getProperty(InvokerHelper.java:172)
	at groovy.lang.Closure.getPropertyTryThese(Closure.java:200)
	at groovy.lang.Closure.getPropertyOwnerFirst(Closure.java:216)
	at groovy.lang.Closure.getProperty(Closure.java:186)
	at org.codehaus.groovy.runtime.ScriptBytecodeAdapter.getGroovyObjectProperty(ScriptBytecodeAdapter.java:531)
	at JawrCSSController$_closure1.doCall(JawrCSSController.groovy:13)
	at sun.reflect.NativeMethodAccessorImpl.invoke0(Native Method)
	at sun.reflect.NativeMethodAccessorImpl.invoke(NativeMethodAccessorImpl.java:39)
	at sun.reflect.DelegatingMethodAccessorImpl.invoke(DelegatingMethodAccessorImpl.java:25)
	at java.lang.reflect.Method.invoke(Method.java:585)
	at org.codehaus.groovy.reflection.CachedMethod.invoke(CachedMethod.java:86)
	at groovy.lang.MetaMethod.doMethodInvoke(MetaMethod.java:226)
	at groovy.lang.MetaClassImpl.invokeMethod(MetaClassImpl.java:899)
	at groovy.lang.ExpandoMetaClass.invokeMethod(ExpandoMetaClass.java:946)
	at org.codehaus.groovy.runtime.ScriptBytecodeAdapter.invokeMethodOnCurrentN(ScriptBytecodeAdapter.java:77)
	at JawrCSSController$_closure1.doCall(JawrCSSController.groovy)
	at sun.reflect.NativeMethodAccessorImpl.invoke0(Native Method)
	at sun.reflect.NativeMethodAccessorImpl.invoke(NativeMethodAccessorImpl.java:39)
	at sun.reflect.DelegatingMethodAccessorImpl.invoke(DelegatingMethodAccessorImpl.java:25)
	at java.lang.reflect.Method.invoke(Method.java:585)
	at org.codehaus.groovy.reflection.CachedMethod.invoke(CachedMethod.java:86)
	at groovy.lang.MetaMethod.doMethodInvoke(MetaMethod.java:226)
	at groovy.lang.MetaClassImpl.invokeMethod(MetaClassImpl.java:899)
	at groovy.lang.ExpandoMetaClass.invokeMethod(ExpandoMetaClass.java:946)
	at groovy.lang.MetaClassImpl.invokeMethod(MetaClassImpl.java:740)
	at groovy.lang.Closure.call(Closure.java:292)
	at groovy.lang.Closure.call(Closure.java:287)
	at org.codehaus.groovy.grails.web.servlet.mvc.SimpleGrailsControllerHelper.handleAction(SimpleGrailsControllerHelper.java:503)
	at org.codehaus.groovy.grails.web.servlet.mvc.SimpleGrailsControllerHelper.executeAction(SimpleGrailsControllerHelper.java:394)
	at org.codehaus.groovy.grails.web.servlet.mvc.SimpleGrailsControllerHelper.handleURI(SimpleGrailsControllerHelper.java:233)
	at org.codehaus.groovy.grails.web.servlet.mvc.SimpleGrailsControllerHelper.handleURI(SimpleGrailsControllerHelper.java:154)
	at org.codehaus.groovy.grails.web.servlet.mvc.SimpleGrailsController.handleRequest(SimpleGrailsController.java:88)
	at org.springframework.web.servlet.mvc.SimpleControllerHandlerAdapter.handle(SimpleControllerHandlerAdapter.java:48)
	at org.codehaus.groovy.grails.web.servlet.GrailsDispatcherServlet.doDispatch(GrailsDispatcherServlet.java:251)
	at org.springframework.web.servlet.DispatcherServlet.doService(DispatcherServlet.java:809)
	at org.springframework.web.servlet.FrameworkServlet.processRequest(FrameworkServlet.java:476)
	at org.springframework.web.servlet.FrameworkServlet.doGet(FrameworkServlet.java:431)
	at javax.servlet.http.HttpServlet.service(HttpServlet.java:707)
	at javax.servlet.http.HttpServlet.service(HttpServlet.java:820)
	at org.mortbay.jetty.servlet.ServletHolder.handle(ServletHolder.java:487)
	at org.mortbay.jetty.servlet.ServletHandler.handle(ServletHandler.java:367)
	at org.mortbay.jetty.security.SecurityHandler.handle(SecurityHandler.java:216)
	at org.mortbay.jetty.servlet.SessionHandler.handle(SessionHandler.java:181)
	at org.mortbay.jetty.handler.ContextHandler.handle(ContextHandler.java:712)
	at org.mortbay.jetty.webapp.WebAppContext.handle(WebAppContext.java:405)
	at org.mortbay.jetty.servlet.Dispatcher.forward(Dispatcher.java:268)
	at org.mortbay.jetty.servlet.Dispatcher.forward(Dispatcher.java:126)
	at org.codehaus.groovy.grails.web.util.WebUtils.forwardRequestForUrlMappingInfo(WebUtils.java:198)
	at org.codehaus.groovy.grails.web.util.WebUtils.forwardRequestForUrlMappingInfo(WebUtils.java:185)
	at org.codehaus.groovy.grails.web.mapping.filter.UrlMappingsFilter.doFilterInternal(UrlMappingsFilter.java:117)
	at org.springframework.web.filter.OncePerRequestFilter.doFilter(OncePerRequestFilter.java:75)
	at org.mortbay.jetty.servlet.ServletHandler$CachedChain.doFilter(ServletHandler.java:1089)
	at org.codehaus.groovy.grails.web.sitemesh.GrailsPageFilter.parsePage(GrailsPageFilter.java:119)
	at org.codehaus.groovy.grails.web.sitemesh.GrailsPageFilter.doFilter(GrailsPageFilter.java:82)
	at org.mortbay.jetty.servlet.ServletHandler$CachedChain.doFilter(ServletHandler.java:1089)
	at org.codehaus.groovy.grails.web.servlet.filter.GrailsReloadServletFilter.doFilterInternal(GrailsReloadServletFilter.java:98)
	at org.springframework.web.filter.OncePerRequestFilter.doFilter(OncePerRequestFilter.java:75)
	at org.mortbay.jetty.servlet.ServletHandler$CachedChain.doFilter(ServletHandler.java:1089)
	at org.codehaus.groovy.grails.web.servlet.mvc.GrailsWebRequestFilter.doFilterInternal(GrailsWebRequestFilter.java:68)
	at org.springframework.web.filter.OncePerRequestFilter.doFilter(OncePerRequestFilter.java:75)
	at org.mortbay.jetty.servlet.ServletHandler$CachedChain.doFilter(ServletHandler.java:1089)
	at org.springframework.web.filter.CharacterEncodingFilter.doFilterInternal(CharacterEncodingFilter.java:96)
	at org.springframework.web.filter.OncePerRequestFilter.doFilter(OncePerRequestFilter.java:75)
	at org.springframework.web.filter.DelegatingFilterProxy.invokeDelegate(DelegatingFilterProxy.java:183)
	at org.springframework.web.filter.DelegatingFilterProxy.doFilter(DelegatingFilterProxy.java:138)
	at org.mortbay.jetty.servlet.ServletHandler$CachedChain.doFilter(ServletHandler.java:1089)
	at org.mortbay.jetty.servlet.ServletHandler.handle(ServletHandler.java:365)
	at org.mortbay.jetty.security.SecurityHandler.handle(SecurityHandler.java:216)
	at org.mortbay.jetty.servlet.SessionHandler.handle(SessionHandler.java:181)
	at org.mortbay.jetty.handler.ContextHandler.handle(ContextHandler.java:712)
	at org.mortbay.jetty.webapp.WebAppContext.handle(WebAppContext.java:405)
	at org.mortbay.jetty.handler.HandlerWrapper.handle(HandlerWrapper.java:139)
	at org.mortbay.jetty.Server.handle(Server.java:295)
	at org.mortbay.jetty.HttpConnection.handleRequest(HttpConnection.java:503)
	at org.mortbay.jetty.HttpConnection$RequestHandler.headerComplete(HttpConnection.java:827)
	at org.mortbay.jetty.HttpParser.parseNext(HttpParser.java:511)
	at org.mortbay.jetty.HttpParser.parseAvailable(HttpParser.java:210)
	at org.mortbay.jetty.HttpConnection.handle(HttpConnection.java:379)
	at org.mortbay.io.nio.SelectChannelEndPoint.run(SelectChannelEndPoint.java:361)
	at org.mortbay.thread.BoundedThreadPool$PoolThread.run(BoundedThreadPool.java:442)
[15091] StackTrace Sanitizing stacktrace:
groovy.lang.MissingPropertyException: No such property: ConfigurationHolder for class: JawrCSSController
	at JawrCSSController.getProperty(JawrCSSController.groovy)
	at JawrCSSController$_closure1.doCall(JawrCSSController.groovy:13)
	at JawrCSSController$_closure1.doCall(JawrCSSController.groovy)
[20823] StackTrace Sanitizing stacktrace:
java.lang.NullPointerException
	at net.jawr.web.servlet.JawrRequestHandler.processRequest(JawrRequestHandler.java:285)
	at sun.reflect.NativeMethodAccessorImpl.invoke0(Native Method)
	at sun.reflect.NativeMethodAccessorImpl.invoke(NativeMethodAccessorImpl.java:39)
	at sun.reflect.DelegatingMethodAccessorImpl.invoke(DelegatingMethodAccessorImpl.java:25)
	at java.lang.reflect.Method.invoke(Method.java:585)
	at org.codehaus.groovy.reflection.CachedMethod.invoke(CachedMethod.java:86)
	at groovy.lang.MetaMethod.doMethodInvoke(MetaMethod.java:226)
	at groovy.lang.MetaClassImpl.invokeMethod(MetaClassImpl.java:899)
	at groovy.lang.ExpandoMetaClass.invokeMethod(ExpandoMetaClass.java:946)
	at groovy.lang.MetaClassImpl.invokeMethod(MetaClassImpl.java:740)
	at org.codehaus.groovy.runtime.InvokerHelper.invokePojoMethod(InvokerHelper.java:765)
	at org.codehaus.groovy.runtime.InvokerHelper.invokeMethod(InvokerHelper.java:753)
	at org.codehaus.groovy.runtime.ScriptBytecodeAdapter.invokeMethodN(ScriptBytecodeAdapter.java:167)
	at JawrJavascriptController$_closure1.doCall(JawrJavascriptController.groovy:19)
	at sun.reflect.NativeMethodAccessorImpl.invoke0(Native Method)
	at sun.reflect.NativeMethodAccessorImpl.invoke(NativeMethodAccessorImpl.java:39)
	at sun.reflect.DelegatingMethodAccessorImpl.invoke(DelegatingMethodAccessorImpl.java:25)
	at java.lang.reflect.Method.invoke(Method.java:585)
	at org.codehaus.groovy.reflection.CachedMethod.invoke(CachedMethod.java:86)
	at groovy.lang.MetaMethod.doMethodInvoke(MetaMethod.java:226)
	at groovy.lang.MetaClassImpl.invokeMethod(MetaClassImpl.java:899)
	at groovy.lang.ExpandoMetaClass.invokeMethod(ExpandoMetaClass.java:946)
	at org.codehaus.groovy.runtime.ScriptBytecodeAdapter.invokeMethodOnCurrentN(ScriptBytecodeAdapter.java:77)
	at JawrJavascriptController$_closure1.doCall(JawrJavascriptController.groovy)
	at sun.reflect.NativeMethodAccessorImpl.invoke0(Native Method)
	at sun.reflect.NativeMethodAccessorImpl.invoke(NativeMethodAccessorImpl.java:39)
	at sun.reflect.DelegatingMethodAccessorImpl.invoke(DelegatingMethodAccessorImpl.java:25)
	at java.lang.reflect.Method.invoke(Method.java:585)
	at org.codehaus.groovy.reflection.CachedMethod.invoke(CachedMethod.java:86)
	at groovy.lang.MetaMethod.doMethodInvoke(MetaMethod.java:226)
	at groovy.lang.MetaClassImpl.invokeMethod(MetaClassImpl.java:899)
	at groovy.lang.ExpandoMetaClass.invokeMethod(ExpandoMetaClass.java:946)
	at groovy.lang.MetaClassImpl.invokeMethod(MetaClassImpl.java:740)
	at groovy.lang.Closure.call(Closure.java:292)
	at groovy.lang.Closure.call(Closure.java:287)
	at org.codehaus.groovy.grails.web.servlet.mvc.SimpleGrailsControllerHelper.handleAction(SimpleGrailsControllerHelper.java:503)
	at org.codehaus.groovy.grails.web.servlet.mvc.SimpleGrailsControllerHelper.executeAction(SimpleGrailsControllerHelper.java:394)
	at org.codehaus.groovy.grails.web.servlet.mvc.SimpleGrailsControllerHelper.handleURI(SimpleGrailsControllerHelper.java:233)
	at org.codehaus.groovy.grails.web.servlet.mvc.SimpleGrailsControllerHelper.handleURI(SimpleGrailsControllerHelper.java:154)
	at org.codehaus.groovy.grails.web.servlet.mvc.SimpleGrailsController.handleRequest(SimpleGrailsController.java:88)
	at org.springframework.web.servlet.mvc.SimpleControllerHandlerAdapter.handle(SimpleControllerHandlerAdapter.java:48)
	at org.codehaus.groovy.grails.web.servlet.GrailsDispatcherServlet.doDispatch(GrailsDispatcherServlet.java:251)
	at org.springframework.web.servlet.DispatcherServlet.doService(DispatcherServlet.java:809)
	at org.springframework.web.servlet.FrameworkServlet.processRequest(FrameworkServlet.java:476)
	at org.springframework.web.servlet.FrameworkServlet.doGet(FrameworkServlet.java:431)
	at javax.servlet.http.HttpServlet.service(HttpServlet.java:707)
	at javax.servlet.http.HttpServlet.service(HttpServlet.java:820)
	at org.mortbay.jetty.servlet.ServletHolder.handle(ServletHolder.java:487)
	at org.mortbay.jetty.servlet.ServletHandler.handle(ServletHandler.java:367)
	at org.mortbay.jetty.security.SecurityHandler.handle(SecurityHandler.java:216)
	at org.mortbay.jetty.servlet.SessionHandler.handle(SessionHandler.java:181)
	at org.mortbay.jetty.handler.ContextHandler.handle(ContextHandler.java:712)
	at org.mortbay.jetty.webapp.WebAppContext.handle(WebAppContext.java:405)
	at org.mortbay.jetty.servlet.Dispatcher.forward(Dispatcher.java:268)
	at org.mortbay.jetty.servlet.Dispatcher.forward(Dispatcher.java:126)
	at org.codehaus.groovy.grails.web.util.WebUtils.forwardRequestForUrlMappingInfo(WebUtils.java:198)
	at org.codehaus.groovy.grails.web.util.WebUtils.forwardRequestForUrlMappingInfo(WebUtils.java:185)
	at org.codehaus.groovy.grails.web.mapping.filter.UrlMappingsFilter.doFilterInternal(UrlMappingsFilter.java:117)
	at org.springframework.web.filter.OncePerRequestFilter.doFilter(OncePerRequestFilter.java:75)
	at org.mortbay.jetty.servlet.ServletHandler$CachedChain.doFilter(ServletHandler.java:1089)
	at org.codehaus.groovy.grails.web.sitemesh.GrailsPageFilter.parsePage(GrailsPageFilter.java:119)
	at org.codehaus.groovy.grails.web.sitemesh.GrailsPageFilter.doFilter(GrailsPageFilter.java:82)
	at org.mortbay.jetty.servlet.ServletHandler$CachedChain.doFilter(ServletHandler.java:1089)
	at org.codehaus.groovy.grails.web.servlet.filter.GrailsReloadServletFilter.doFilterInternal(GrailsReloadServletFilter.java:98)
	at org.springframework.web.filter.OncePerRequestFilter.doFilter(OncePerRequestFilter.java:75)
	at org.mortbay.jetty.servlet.ServletHandler$CachedChain.doFilter(ServletHandler.java:1089)
	at org.codehaus.groovy.grails.web.servlet.mvc.GrailsWebRequestFilter.doFilterInternal(GrailsWebRequestFilter.java:68)
	at org.springframework.web.filter.OncePerRequestFilter.doFilter(OncePerRequestFilter.java:75)
	at org.mortbay.jetty.servlet.ServletHandler$CachedChain.doFilter(ServletHandler.java:1089)
	at org.springframework.web.filter.CharacterEncodingFilter.doFilterInternal(CharacterEncodingFilter.java:96)
	at org.springframework.web.filter.OncePerRequestFilter.doFilter(OncePerRequestFilter.java:75)
	at org.springframework.web.filter.DelegatingFilterProxy.invokeDelegate(DelegatingFilterProxy.java:183)
	at org.springframework.web.filter.DelegatingFilterProxy.doFilter(DelegatingFilterProxy.java:138)
	at org.mortbay.jetty.servlet.ServletHandler$CachedChain.doFilter(ServletHandler.java:1089)
	at org.mortbay.jetty.servlet.ServletHandler.handle(ServletHandler.java:365)
	at org.mortbay.jetty.security.SecurityHandler.handle(SecurityHandler.java:216)
	at org.mortbay.jetty.servlet.SessionHandler.handle(SessionHandler.java:181)
	at org.mortbay.jetty.handler.ContextHandler.handle(ContextHandler.java:712)
	at org.mortbay.jetty.webapp.WebAppContext.handle(WebAppContext.java:405)
	at org.mortbay.jetty.handler.HandlerWrapper.handle(HandlerWrapper.java:139)
	at org.mortbay.jetty.Server.handle(Server.java:295)
	at org.mortbay.jetty.HttpConnection.handleRequest(HttpConnection.java:503)
	at org.mortbay.jetty.HttpConnection$RequestHandler.headerComplete(HttpConnection.java:827)
	at org.mortbay.jetty.HttpParser.parseNext(HttpParser.java:511)
	at org.mortbay.jetty.HttpParser.parseAvailable(HttpParser.java:210)
	at org.mortbay.jetty.HttpConnection.handle(HttpConnection.java:379)
	at org.mortbay.io.nio.SelectChannelEndPoint.run(SelectChannelEndPoint.java:361)
	at org.mortbay.thread.BoundedThreadPool$PoolThread.run(BoundedThreadPool.java:442)
[20823] StackTrace Sanitizing stacktrace:
java.lang.NullPointerException
	at net.jawr.web.servlet.JawrRequestHandler.processRequest(JawrRequestHandler.java:285)
	at JawrJavascriptController$_closure1.doCall(JawrJavascriptController.groovy:19)
	at JawrJavascriptController$_closure1.doCall(JawrJavascriptController.groovy)
[21714] StackTrace Sanitizing stacktrace:
java.lang.NullPointerException
	at net.jawr.web.servlet.JawrRequestHandler.processRequest(JawrRequestHandler.java:285)
	at sun.reflect.NativeMethodAccessorImpl.invoke0(Native Method)
	at sun.reflect.NativeMethodAccessorImpl.invoke(NativeMethodAccessorImpl.java:39)
	at sun.reflect.DelegatingMethodAccessorImpl.invoke(DelegatingMethodAccessorImpl.java:25)
	at java.lang.reflect.Method.invoke(Method.java:585)
	at org.codehaus.groovy.reflection.CachedMethod.invoke(CachedMethod.java:86)
	at groovy.lang.MetaMethod.doMethodInvoke(MetaMethod.java:226)
	at groovy.lang.MetaClassImpl.invokeMethod(MetaClassImpl.java:899)
	at groovy.lang.ExpandoMetaClass.invokeMethod(ExpandoMetaClass.java:946)
	at groovy.lang.MetaClassImpl.invokeMethod(MetaClassImpl.java:740)
	at org.codehaus.groovy.runtime.InvokerHelper.invokePojoMethod(InvokerHelper.java:765)
	at org.codehaus.groovy.runtime.InvokerHelper.invokeMethod(InvokerHelper.java:753)
	at org.codehaus.groovy.runtime.ScriptBytecodeAdapter.invokeMethodN(ScriptBytecodeAdapter.java:167)
	at JawrCSSController$_closure1.doCall(JawrCSSController.groovy:18)
	at sun.reflect.NativeMethodAccessorImpl.invoke0(Native Method)
	at sun.reflect.NativeMethodAccessorImpl.invoke(NativeMethodAccessorImpl.java:39)
	at sun.reflect.DelegatingMethodAccessorImpl.invoke(DelegatingMethodAccessorImpl.java:25)
	at java.lang.reflect.Method.invoke(Method.java:585)
	at org.codehaus.groovy.reflection.CachedMethod.invoke(CachedMethod.java:86)
	at groovy.lang.MetaMethod.doMethodInvoke(MetaMethod.java:226)
	at groovy.lang.MetaClassImpl.invokeMethod(MetaClassImpl.java:899)
	at groovy.lang.ExpandoMetaClass.invokeMethod(ExpandoMetaClass.java:946)
	at org.codehaus.groovy.runtime.ScriptBytecodeAdapter.invokeMethodOnCurrentN(ScriptBytecodeAdapter.java:77)
	at JawrCSSController$_closure1.doCall(JawrCSSController.groovy)
	at sun.reflect.NativeMethodAccessorImpl.invoke0(Native Method)
	at sun.reflect.NativeMethodAccessorImpl.invoke(NativeMethodAccessorImpl.java:39)
	at sun.reflect.DelegatingMethodAccessorImpl.invoke(DelegatingMethodAccessorImpl.java:25)
	at java.lang.reflect.Method.invoke(Method.java:585)
	at org.codehaus.groovy.reflection.CachedMethod.invoke(CachedMethod.java:86)
	at groovy.lang.MetaMethod.doMethodInvoke(MetaMethod.java:226)
	at groovy.lang.MetaClassImpl.invokeMethod(MetaClassImpl.java:899)
	at groovy.lang.ExpandoMetaClass.invokeMethod(ExpandoMetaClass.java:946)
	at groovy.lang.MetaClassImpl.invokeMethod(MetaClassImpl.java:740)
	at groovy.lang.Closure.call(Closure.java:292)
	at groovy.lang.Closure.call(Closure.java:287)
	at org.codehaus.groovy.grails.web.servlet.mvc.SimpleGrailsControllerHelper.handleAction(SimpleGrailsControllerHelper.java:503)
	at org.codehaus.groovy.grails.web.servlet.mvc.SimpleGrailsControllerHelper.executeAction(SimpleGrailsControllerHelper.java:394)
	at org.codehaus.groovy.grails.web.servlet.mvc.SimpleGrailsControllerHelper.handleURI(SimpleGrailsControllerHelper.java:233)
	at org.codehaus.groovy.grails.web.servlet.mvc.SimpleGrailsControllerHelper.handleURI(SimpleGrailsControllerHelper.java:154)
	at org.codehaus.groovy.grails.web.servlet.mvc.SimpleGrailsController.handleRequest(SimpleGrailsController.java:88)
	at org.springframework.web.servlet.mvc.SimpleControllerHandlerAdapter.handle(SimpleControllerHandlerAdapter.java:48)
	at org.codehaus.groovy.grails.web.servlet.GrailsDispatcherServlet.doDispatch(GrailsDispatcherServlet.java:251)
	at org.springframework.web.servlet.DispatcherServlet.doService(DispatcherServlet.java:809)
	at org.springframework.web.servlet.FrameworkServlet.processRequest(FrameworkServlet.java:476)
	at org.springframework.web.servlet.FrameworkServlet.doGet(FrameworkServlet.java:431)
	at javax.servlet.http.HttpServlet.service(HttpServlet.java:707)
	at javax.servlet.http.HttpServlet.service(HttpServlet.java:820)
	at org.mortbay.jetty.servlet.ServletHolder.handle(ServletHolder.java:487)
	at org.mortbay.jetty.servlet.ServletHandler.handle(ServletHandler.java:367)
	at org.mortbay.jetty.security.SecurityHandler.handle(SecurityHandler.java:216)
	at org.mortbay.jetty.servlet.SessionHandler.handle(SessionHandler.java:181)
	at org.mortbay.jetty.handler.ContextHandler.handle(ContextHandler.java:712)
	at org.mortbay.jetty.webapp.WebAppContext.handle(WebAppContext.java:405)
	at org.mortbay.jetty.servlet.Dispatcher.forward(Dispatcher.java:268)
	at org.mortbay.jetty.servlet.Dispatcher.forward(Dispatcher.java:126)
	at org.codehaus.groovy.grails.web.util.WebUtils.forwardRequestForUrlMappingInfo(WebUtils.java:198)
	at org.codehaus.groovy.grails.web.util.WebUtils.forwardRequestForUrlMappingInfo(WebUtils.java:185)
	at org.codehaus.groovy.grails.web.mapping.filter.UrlMappingsFilter.doFilterInternal(UrlMappingsFilter.java:117)
	at org.springframework.web.filter.OncePerRequestFilter.doFilter(OncePerRequestFilter.java:75)
	at org.mortbay.jetty.servlet.ServletHandler$CachedChain.doFilter(ServletHandler.java:1089)
	at org.codehaus.groovy.grails.web.sitemesh.GrailsPageFilter.parsePage(GrailsPageFilter.java:119)
	at org.codehaus.groovy.grails.web.sitemesh.GrailsPageFilter.doFilter(GrailsPageFilter.java:82)
	at org.mortbay.jetty.servlet.ServletHandler$CachedChain.doFilter(ServletHandler.java:1089)
	at org.codehaus.groovy.grails.web.servlet.filter.GrailsReloadServletFilter.doFilterInternal(GrailsReloadServletFilter.java:98)
	at org.springframework.web.filter.OncePerRequestFilter.doFilter(OncePerRequestFilter.java:75)
	at org.mortbay.jetty.servlet.ServletHandler$CachedChain.doFilter(ServletHandler.java:1089)
	at org.codehaus.groovy.grails.web.servlet.mvc.GrailsWebRequestFilter.doFilterInternal(GrailsWebRequestFilter.java:68)
	at org.springframework.web.filter.OncePerRequestFilter.doFilter(OncePerRequestFilter.java:75)
	at org.mortbay.jetty.servlet.ServletHandler$CachedChain.doFilter(ServletHandler.java:1089)
	at org.springframework.web.filter.CharacterEncodingFilter.doFilterInternal(CharacterEncodingFilter.java:96)
	at org.springframework.web.filter.OncePerRequestFilter.doFilter(OncePerRequestFilter.java:75)
	at org.springframework.web.filter.DelegatingFilterProxy.invokeDelegate(DelegatingFilterProxy.java:183)
	at org.springframework.web.filter.DelegatingFilterProxy.doFilter(DelegatingFilterProxy.java:138)
	at org.mortbay.jetty.servlet.ServletHandler$CachedChain.doFilter(ServletHandler.java:1089)
	at org.mortbay.jetty.servlet.ServletHandler.handle(ServletHandler.java:365)
	at org.mortbay.jetty.security.SecurityHandler.handle(SecurityHandler.java:216)
	at org.mortbay.jetty.servlet.SessionHandler.handle(SessionHandler.java:181)
	at org.mortbay.jetty.handler.ContextHandler.handle(ContextHandler.java:712)
	at org.mortbay.jetty.webapp.WebAppContext.handle(WebAppContext.java:405)
	at org.mortbay.jetty.handler.HandlerWrapper.handle(HandlerWrapper.java:139)
	at org.mortbay.jetty.Server.handle(Server.java:295)
	at org.mortbay.jetty.HttpConnection.handleRequest(HttpConnection.java:503)
	at org.mortbay.jetty.HttpConnection$RequestHandler.headerComplete(HttpConnection.java:827)
	at org.mortbay.jetty.HttpParser.parseNext(HttpParser.java:511)
	at org.mortbay.jetty.HttpParser.parseAvailable(HttpParser.java:210)
	at org.mortbay.jetty.HttpConnection.handle(HttpConnection.java:379)
	at org.mortbay.io.nio.SelectChannelEndPoint.run(SelectChannelEndPoint.java:361)
	at org.mortbay.thread.BoundedThreadPool$PoolThread.run(BoundedThreadPool.java:442)
[21714] StackTrace Sanitizing stacktrace:
java.lang.NullPointerException
	at net.jawr.web.servlet.JawrRequestHandler.processRequest(JawrRequestHandler.java:285)
	at JawrCSSController$_closure1.doCall(JawrCSSController.groovy:18)
	at JawrCSSController$_closure1.doCall(JawrCSSController.groovy)
[18027] StackTrace Sanitizing stacktrace:
java.lang.NullPointerException
	at net.jawr.web.servlet.JawrRequestHandler.processRequest(JawrRequestHandler.java:285)
	at sun.reflect.NativeMethodAccessorImpl.invoke0(Native Method)
	at sun.reflect.NativeMethodAccessorImpl.invoke(NativeMethodAccessorImpl.java:39)
	at sun.reflect.DelegatingMethodAccessorImpl.invoke(DelegatingMethodAccessorImpl.java:25)
	at java.lang.reflect.Method.invoke(Method.java:585)
	at org.codehaus.groovy.reflection.CachedMethod.invoke(CachedMethod.java:86)
	at groovy.lang.MetaMethod.doMethodInvoke(MetaMethod.java:226)
	at groovy.lang.MetaClassImpl.invokeMethod(MetaClassImpl.java:899)
	at groovy.lang.ExpandoMetaClass.invokeMethod(ExpandoMetaClass.java:946)
	at groovy.lang.MetaClassImpl.invokeMethod(MetaClassImpl.java:740)
	at org.codehaus.groovy.runtime.InvokerHelper.invokePojoMethod(InvokerHelper.java:765)
	at org.codehaus.groovy.runtime.InvokerHelper.invokeMethod(InvokerHelper.java:753)
	at org.codehaus.groovy.runtime.ScriptBytecodeAdapter.invokeMethodN(ScriptBytecodeAdapter.java:167)
	at JawrJavascriptController$_closure1.doCall(JawrJavascriptController.groovy:19)
	at sun.reflect.NativeMethodAccessorImpl.invoke0(Native Method)
	at sun.reflect.NativeMethodAccessorImpl.invoke(NativeMethodAccessorImpl.java:39)
	at sun.reflect.DelegatingMethodAccessorImpl.invoke(DelegatingMethodAccessorImpl.java:25)
	at java.lang.reflect.Method.invoke(Method.java:585)
	at org.codehaus.groovy.reflection.CachedMethod.invoke(CachedMethod.java:86)
	at groovy.lang.MetaMethod.doMethodInvoke(MetaMethod.java:226)
	at groovy.lang.MetaClassImpl.invokeMethod(MetaClassImpl.java:899)
	at groovy.lang.ExpandoMetaClass.invokeMethod(ExpandoMetaClass.java:946)
	at org.codehaus.groovy.runtime.ScriptBytecodeAdapter.invokeMethodOnCurrentN(ScriptBytecodeAdapter.java:77)
	at JawrJavascriptController$_closure1.doCall(JawrJavascriptController.groovy)
	at sun.reflect.NativeMethodAccessorImpl.invoke0(Native Method)
	at sun.reflect.NativeMethodAccessorImpl.invoke(NativeMethodAccessorImpl.java:39)
	at sun.reflect.DelegatingMethodAccessorImpl.invoke(DelegatingMethodAccessorImpl.java:25)
	at java.lang.reflect.Method.invoke(Method.java:585)
	at org.codehaus.groovy.reflection.CachedMethod.invoke(CachedMethod.java:86)
	at groovy.lang.MetaMethod.doMethodInvoke(MetaMethod.java:226)
	at groovy.lang.MetaClassImpl.invokeMethod(MetaClassImpl.java:899)
	at groovy.lang.ExpandoMetaClass.invokeMethod(ExpandoMetaClass.java:946)
	at groovy.lang.MetaClassImpl.invokeMethod(MetaClassImpl.java:740)
	at groovy.lang.Closure.call(Closure.java:292)
	at groovy.lang.Closure.call(Closure.java:287)
	at org.codehaus.groovy.grails.web.servlet.mvc.SimpleGrailsControllerHelper.handleAction(SimpleGrailsControllerHelper.java:503)
	at org.codehaus.groovy.grails.web.servlet.mvc.SimpleGrailsControllerHelper.executeAction(SimpleGrailsControllerHelper.java:394)
	at org.codehaus.groovy.grails.web.servlet.mvc.SimpleGrailsControllerHelper.handleURI(SimpleGrailsControllerHelper.java:233)
	at org.codehaus.groovy.grails.web.servlet.mvc.SimpleGrailsControllerHelper.handleURI(SimpleGrailsControllerHelper.java:154)
	at org.codehaus.groovy.grails.web.servlet.mvc.SimpleGrailsController.handleRequest(SimpleGrailsController.java:88)
	at org.springframework.web.servlet.mvc.SimpleControllerHandlerAdapter.handle(SimpleControllerHandlerAdapter.java:48)
	at org.codehaus.groovy.grails.web.servlet.GrailsDispatcherServlet.doDispatch(GrailsDispatcherServlet.java:251)
	at org.springframework.web.servlet.DispatcherServlet.doService(DispatcherServlet.java:809)
	at org.springframework.web.servlet.FrameworkServlet.processRequest(FrameworkServlet.java:476)
	at org.springframework.web.servlet.FrameworkServlet.doGet(FrameworkServlet.java:431)
	at javax.servlet.http.HttpServlet.service(HttpServlet.java:707)
	at javax.servlet.http.HttpServlet.service(HttpServlet.java:820)
	at org.mortbay.jetty.servlet.ServletHolder.handle(ServletHolder.java:487)
	at org.mortbay.jetty.servlet.ServletHandler.handle(ServletHandler.java:367)
	at org.mortbay.jetty.security.SecurityHandler.handle(SecurityHandler.java:216)
	at org.mortbay.jetty.servlet.SessionHandler.handle(SessionHandler.java:181)
	at org.mortbay.jetty.handler.ContextHandler.handle(ContextHandler.java:712)
	at org.mortbay.jetty.webapp.WebAppContext.handle(WebAppContext.java:405)
	at org.mortbay.jetty.servlet.Dispatcher.forward(Dispatcher.java:268)
	at org.mortbay.jetty.servlet.Dispatcher.forward(Dispatcher.java:126)
	at org.codehaus.groovy.grails.web.util.WebUtils.forwardRequestForUrlMappingInfo(WebUtils.java:198)
	at org.codehaus.groovy.grails.web.util.WebUtils.forwardRequestForUrlMappingInfo(WebUtils.java:185)
	at org.codehaus.groovy.grails.web.mapping.filter.UrlMappingsFilter.doFilterInternal(UrlMappingsFilter.java:117)
	at org.springframework.web.filter.OncePerRequestFilter.doFilter(OncePerRequestFilter.java:75)
	at org.mortbay.jetty.servlet.ServletHandler$CachedChain.doFilter(ServletHandler.java:1089)
	at org.codehaus.groovy.grails.web.sitemesh.GrailsPageFilter.parsePage(GrailsPageFilter.java:119)
	at org.codehaus.groovy.grails.web.sitemesh.GrailsPageFilter.doFilter(GrailsPageFilter.java:82)
	at org.mortbay.jetty.servlet.ServletHandler$CachedChain.doFilter(ServletHandler.java:1089)
	at org.codehaus.groovy.grails.web.servlet.filter.GrailsReloadServletFilter.doFilterInternal(GrailsReloadServletFilter.java:98)
	at org.springframework.web.filter.OncePerRequestFilter.doFilter(OncePerRequestFilter.java:75)
	at org.mortbay.jetty.servlet.ServletHandler$CachedChain.doFilter(ServletHandler.java:1089)
	at org.codehaus.groovy.grails.web.servlet.mvc.GrailsWebRequestFilter.doFilterInternal(GrailsWebRequestFilter.java:68)
	at org.springframework.web.filter.OncePerRequestFilter.doFilter(OncePerRequestFilter.java:75)
	at org.mortbay.jetty.servlet.ServletHandler$CachedChain.doFilter(ServletHandler.java:1089)
	at org.springframework.web.filter.CharacterEncodingFilter.doFilterInternal(CharacterEncodingFilter.java:96)
	at org.springframework.web.filter.OncePerRequestFilter.doFilter(OncePerRequestFilter.java:75)
	at org.springframework.web.filter.DelegatingFilterProxy.invokeDelegate(DelegatingFilterProxy.java:183)
	at org.springframework.web.filter.DelegatingFilterProxy.doFilter(DelegatingFilterProxy.java:138)
	at org.mortbay.jetty.servlet.ServletHandler$CachedChain.doFilter(ServletHandler.java:1089)
	at org.mortbay.jetty.servlet.ServletHandler.handle(ServletHandler.java:365)
	at org.mortbay.jetty.security.SecurityHandler.handle(SecurityHandler.java:216)
	at org.mortbay.jetty.servlet.SessionHandler.handle(SessionHandler.java:181)
	at org.mortbay.jetty.handler.ContextHandler.handle(ContextHandler.java:712)
	at org.mortbay.jetty.webapp.WebAppContext.handle(WebAppContext.java:405)
	at org.mortbay.jetty.handler.HandlerWrapper.handle(HandlerWrapper.java:139)
	at org.mortbay.jetty.Server.handle(Server.java:295)
	at org.mortbay.jetty.HttpConnection.handleRequest(HttpConnection.java:503)
	at org.mortbay.jetty.HttpConnection$RequestHandler.headerComplete(HttpConnection.java:827)
	at org.mortbay.jetty.HttpParser.parseNext(HttpParser.java:511)
	at org.mortbay.jetty.HttpParser.parseAvailable(HttpParser.java:210)
	at org.mortbay.jetty.HttpConnection.handle(HttpConnection.java:379)
	at org.mortbay.io.nio.SelectChannelEndPoint.run(SelectChannelEndPoint.java:361)
	at org.mortbay.thread.BoundedThreadPool$PoolThread.run(BoundedThreadPool.java:442)
[18027] StackTrace Sanitizing stacktrace:
java.lang.NullPointerException
	at net.jawr.web.servlet.JawrRequestHandler.processRequest(JawrRequestHandler.java:285)
	at JawrJavascriptController$_closure1.doCall(JawrJavascriptController.groovy:19)
	at JawrJavascriptController$_closure1.doCall(JawrJavascriptController.groovy)
[19183] StackTrace Sanitizing stacktrace:
java.lang.NullPointerException
	at net.jawr.web.servlet.JawrRequestHandler.processRequest(JawrRequestHandler.java:285)
	at sun.reflect.NativeMethodAccessorImpl.invoke0(Native Method)
	at sun.reflect.NativeMethodAccessorImpl.invoke(NativeMethodAccessorImpl.java:39)
	at sun.reflect.DelegatingMethodAccessorImpl.invoke(DelegatingMethodAccessorImpl.java:25)
	at java.lang.reflect.Method.invoke(Method.java:585)
	at org.codehaus.groovy.reflection.CachedMethod.invoke(CachedMethod.java:86)
	at groovy.lang.MetaMethod.doMethodInvoke(MetaMethod.java:226)
	at groovy.lang.MetaClassImpl.invokeMethod(MetaClassImpl.java:899)
	at groovy.lang.ExpandoMetaClass.invokeMethod(ExpandoMetaClass.java:946)
	at groovy.lang.MetaClassImpl.invokeMethod(MetaClassImpl.java:740)
	at org.codehaus.groovy.runtime.InvokerHelper.invokePojoMethod(InvokerHelper.java:765)
	at org.codehaus.groovy.runtime.InvokerHelper.invokeMethod(InvokerHelper.java:753)
	at org.codehaus.groovy.runtime.ScriptBytecodeAdapter.invokeMethodN(ScriptBytecodeAdapter.java:167)
	at JawrCSSController$_closure1.doCall(JawrCSSController.groovy:18)
	at sun.reflect.NativeMethodAccessorImpl.invoke0(Native Method)
	at sun.reflect.NativeMethodAccessorImpl.invoke(NativeMethodAccessorImpl.java:39)
	at sun.reflect.DelegatingMethodAccessorImpl.invoke(DelegatingMethodAccessorImpl.java:25)
	at java.lang.reflect.Method.invoke(Method.java:585)
	at org.codehaus.groovy.reflection.CachedMethod.invoke(CachedMethod.java:86)
	at groovy.lang.MetaMethod.doMethodInvoke(MetaMethod.java:226)
	at groovy.lang.MetaClassImpl.invokeMethod(MetaClassImpl.java:899)
	at groovy.lang.ExpandoMetaClass.invokeMethod(ExpandoMetaClass.java:946)
	at org.codehaus.groovy.runtime.ScriptBytecodeAdapter.invokeMethodOnCurrentN(ScriptBytecodeAdapter.java:77)
	at JawrCSSController$_closure1.doCall(JawrCSSController.groovy)
	at sun.reflect.NativeMethodAccessorImpl.invoke0(Native Method)
	at sun.reflect.NativeMethodAccessorImpl.invoke(NativeMethodAccessorImpl.java:39)
	at sun.reflect.DelegatingMethodAccessorImpl.invoke(DelegatingMethodAccessorImpl.java:25)
	at java.lang.reflect.Method.invoke(Method.java:585)
	at org.codehaus.groovy.reflection.CachedMethod.invoke(CachedMethod.java:86)
	at groovy.lang.MetaMethod.doMethodInvoke(MetaMethod.java:226)
	at groovy.lang.MetaClassImpl.invokeMethod(MetaClassImpl.java:899)
	at groovy.lang.ExpandoMetaClass.invokeMethod(ExpandoMetaClass.java:946)
	at groovy.lang.MetaClassImpl.invokeMethod(MetaClassImpl.java:740)
	at groovy.lang.Closure.call(Closure.java:292)
	at groovy.lang.Closure.call(Closure.java:287)
	at org.codehaus.groovy.grails.web.servlet.mvc.SimpleGrailsControllerHelper.handleAction(SimpleGrailsControllerHelper.java:503)
	at org.codehaus.groovy.grails.web.servlet.mvc.SimpleGrailsControllerHelper.executeAction(SimpleGrailsControllerHelper.java:394)
	at org.codehaus.groovy.grails.web.servlet.mvc.SimpleGrailsControllerHelper.handleURI(SimpleGrailsControllerHelper.java:233)
	at org.codehaus.groovy.grails.web.servlet.mvc.SimpleGrailsControllerHelper.handleURI(SimpleGrailsControllerHelper.java:154)
	at org.codehaus.groovy.grails.web.servlet.mvc.SimpleGrailsController.handleRequest(SimpleGrailsController.java:88)
	at org.springframework.web.servlet.mvc.SimpleControllerHandlerAdapter.handle(SimpleControllerHandlerAdapter.java:48)
	at org.codehaus.groovy.grails.web.servlet.GrailsDispatcherServlet.doDispatch(GrailsDispatcherServlet.java:251)
	at org.springframework.web.servlet.DispatcherServlet.doService(DispatcherServlet.java:809)
	at org.springframework.web.servlet.FrameworkServlet.processRequest(FrameworkServlet.java:476)
	at org.springframework.web.servlet.FrameworkServlet.doGet(FrameworkServlet.java:431)
	at javax.servlet.http.HttpServlet.service(HttpServlet.java:707)
	at javax.servlet.http.HttpServlet.service(HttpServlet.java:820)
	at org.mortbay.jetty.servlet.ServletHolder.handle(ServletHolder.java:487)
	at org.mortbay.jetty.servlet.ServletHandler.handle(ServletHandler.java:367)
	at org.mortbay.jetty.security.SecurityHandler.handle(SecurityHandler.java:216)
	at org.mortbay.jetty.servlet.SessionHandler.handle(SessionHandler.java:181)
	at org.mortbay.jetty.handler.ContextHandler.handle(ContextHandler.java:712)
	at org.mortbay.jetty.webapp.WebAppContext.handle(WebAppContext.java:405)
	at org.mortbay.jetty.servlet.Dispatcher.forward(Dispatcher.java:268)
	at org.mortbay.jetty.servlet.Dispatcher.forward(Dispatcher.java:126)
	at org.codehaus.groovy.grails.web.util.WebUtils.forwardRequestForUrlMappingInfo(WebUtils.java:198)
	at org.codehaus.groovy.grails.web.util.WebUtils.forwardRequestForUrlMappingInfo(WebUtils.java:185)
	at org.codehaus.groovy.grails.web.mapping.filter.UrlMappingsFilter.doFilterInternal(UrlMappingsFilter.java:117)
	at org.springframework.web.filter.OncePerRequestFilter.doFilter(OncePerRequestFilter.java:75)
	at org.mortbay.jetty.servlet.ServletHandler$CachedChain.doFilter(ServletHandler.java:1089)
	at org.codehaus.groovy.grails.web.sitemesh.GrailsPageFilter.parsePage(GrailsPageFilter.java:119)
	at org.codehaus.groovy.grails.web.sitemesh.GrailsPageFilter.doFilter(GrailsPageFilter.java:82)
	at org.mortbay.jetty.servlet.ServletHandler$CachedChain.doFilter(ServletHandler.java:1089)
	at org.codehaus.groovy.grails.web.servlet.filter.GrailsReloadServletFilter.doFilterInternal(GrailsReloadServletFilter.java:98)
	at org.springframework.web.filter.OncePerRequestFilter.doFilter(OncePerRequestFilter.java:75)
	at org.mortbay.jetty.servlet.ServletHandler$CachedChain.doFilter(ServletHandler.java:1089)
	at org.codehaus.groovy.grails.web.servlet.mvc.GrailsWebRequestFilter.doFilterInternal(GrailsWebRequestFilter.java:68)
	at org.springframework.web.filter.OncePerRequestFilter.doFilter(OncePerRequestFilter.java:75)
	at org.mortbay.jetty.servlet.ServletHandler$CachedChain.doFilter(ServletHandler.java:1089)
	at org.springframework.web.filter.CharacterEncodingFilter.doFilterInternal(CharacterEncodingFilter.java:96)
	at org.springframework.web.filter.OncePerRequestFilter.doFilter(OncePerRequestFilter.java:75)
	at org.springframework.web.filter.DelegatingFilterProxy.invokeDelegate(DelegatingFilterProxy.java:183)
	at org.springframework.web.filter.DelegatingFilterProxy.doFilter(DelegatingFilterProxy.java:138)
	at org.mortbay.jetty.servlet.ServletHandler$CachedChain.doFilter(ServletHandler.java:1089)
	at org.mortbay.jetty.servlet.ServletHandler.handle(ServletHandler.java:365)
	at org.mortbay.jetty.security.SecurityHandler.handle(SecurityHandler.java:216)
	at org.mortbay.jetty.servlet.SessionHandler.handle(SessionHandler.java:181)
	at org.mortbay.jetty.handler.ContextHandler.handle(ContextHandler.java:712)
	at org.mortbay.jetty.webapp.WebAppContext.handle(WebAppContext.java:405)
	at org.mortbay.jetty.handler.HandlerWrapper.handle(HandlerWrapper.java:139)
	at org.mortbay.jetty.Server.handle(Server.java:295)
	at org.mortbay.jetty.HttpConnection.handleRequest(HttpConnection.java:503)
	at org.mortbay.jetty.HttpConnection$RequestHandler.headerComplete(HttpConnection.java:827)
	at org.mortbay.jetty.HttpParser.parseNext(HttpParser.java:511)
	at org.mortbay.jetty.HttpParser.parseAvailable(HttpParser.java:210)
	at org.mortbay.jetty.HttpConnection.handle(HttpConnection.java:379)
	at org.mortbay.io.nio.SelectChannelEndPoint.run(SelectChannelEndPoint.java:361)
	at org.mortbay.thread.BoundedThreadPool$PoolThread.run(BoundedThreadPool.java:442)
[19198] StackTrace Sanitizing stacktrace:
java.lang.NullPointerException
	at net.jawr.web.servlet.JawrRequestHandler.processRequest(JawrRequestHandler.java:285)
	at JawrCSSController$_closure1.doCall(JawrCSSController.groovy:18)
	at JawrCSSController$_closure1.doCall(JawrCSSController.groovy)
[20354] StackTrace Sanitizing stacktrace:
groovy.lang.MissingMethodException: No signature of method: JawrCSSController.prinln() is applicable for argument types: (java.lang.String) values: {"/style/413367994/bundles/all.css"}
	at sun.reflect.NativeConstructorAccessorImpl.newInstance0(Native Method)
	at sun.reflect.NativeConstructorAccessorImpl.newInstance(NativeConstructorAccessorImpl.java:39)
	at sun.reflect.DelegatingConstructorAccessorImpl.newInstance(DelegatingConstructorAccessorImpl.java:27)
	at java.lang.reflect.Constructor.newInstance(Constructor.java:494)
	at org.codehaus.groovy.runtime.MetaClassHelper.doConstructorInvoke(MetaClassHelper.java:528)
	at groovy.lang.MetaClassImpl.doConstructorInvoke(MetaClassImpl.java:2347)
	at groovy.lang.MetaClassImpl.invokeConstructor(MetaClassImpl.java:1244)
	at groovy.lang.MetaClassImpl.invokeConstructor(MetaClassImpl.java:1174)
	at groovy.lang.ExpandoMetaClass.invokeConstructor(ExpandoMetaClass.java:524)
	at org.codehaus.groovy.runtime.InvokerHelper.invokeConstructorOf(InvokerHelper.java:805)
	at org.codehaus.groovy.runtime.ScriptBytecodeAdapter.invokeNewN(ScriptBytecodeAdapter.java:227)
	at org.codehaus.groovy.grails.plugins.web.ControllersGrailsPlugin$_registerMethodMissing_closure6.doCall(ControllersGrailsPlugin.groovy:528)
	at sun.reflect.NativeMethodAccessorImpl.invoke0(Native Method)
	at sun.reflect.NativeMethodAccessorImpl.invoke(NativeMethodAccessorImpl.java:39)
	at sun.reflect.DelegatingMethodAccessorImpl.invoke(DelegatingMethodAccessorImpl.java:25)
	at java.lang.reflect.Method.invoke(Method.java:585)
	at org.codehaus.groovy.reflection.CachedMethod.invoke(CachedMethod.java:86)
	at groovy.lang.MetaMethod.doMethodInvoke(MetaMethod.java:226)
	at groovy.lang.MetaClassImpl.invokeMethod(MetaClassImpl.java:899)
	at groovy.lang.ExpandoMetaClass.invokeMethod(ExpandoMetaClass.java:946)
	at groovy.lang.MetaClassImpl.invokeMethod(MetaClassImpl.java:740)
	at groovy.lang.Closure.call(Closure.java:292)
	at org.codehaus.groovy.runtime.metaclass.ClosureMetaMethod.invoke(ClosureMetaMethod.java:72)
	at groovy.lang.MetaClassImpl.invokeMissingMethod(MetaClassImpl.java:699)
	at groovy.lang.MetaClassImpl.invokeMissingMethod(MetaClassImpl.java:680)
	at groovy.lang.ExpandoMetaClass.invokeMissingMethod(ExpandoMetaClass.java:176)
	at groovy.lang.MetaClassImpl.invokeMethod(MetaClassImpl.java:917)
	at groovy.lang.ExpandoMetaClass.invokeMethod(ExpandoMetaClass.java:946)
	at groovy.lang.MetaClassImpl.invokeMethod(MetaClassImpl.java:740)
	at sun.reflect.GeneratedMethodAccessor74.invoke(Unknown Source)
	at sun.reflect.DelegatingMethodAccessorImpl.invoke(DelegatingMethodAccessorImpl.java:25)
	at java.lang.reflect.Method.invoke(Method.java:585)
	at org.codehaus.groovy.reflection.CachedMethod.invoke(CachedMethod.java:86)
	at groovy.lang.MetaMethod.doMethodInvoke(MetaMethod.java:226)
	at groovy.lang.MetaClassImpl.invokeMethod(MetaClassImpl.java:899)
	at groovy.lang.MetaClassImpl.invokeMethod(MetaClassImpl.java:740)
	at org.codehaus.groovy.runtime.InvokerHelper.invokePogoMethod(InvokerHelper.java:777)
	at org.codehaus.groovy.runtime.InvokerHelper.invokeMethod(InvokerHelper.java:757)
	at org.codehaus.groovy.runtime.ScriptBytecodeAdapter.invokeMethodN(ScriptBytecodeAdapter.java:167)
	at JawrCSSController.invokeMethod(JawrCSSController.groovy)
	at groovy.lang.MetaClassImpl.invokeMethodOnGroovyObject(MetaClassImpl.java:934)
	at groovy.lang.MetaClassImpl.invokeMethod(MetaClassImpl.java:888)
	at groovy.lang.ExpandoMetaClass.invokeMethod(ExpandoMetaClass.java:946)
	at org.codehaus.groovy.runtime.ScriptBytecodeAdapter.invokeMethodOnCurrentN(ScriptBytecodeAdapter.java:77)
	at JawrCSSController$_closure1.doCall(JawrCSSController.groovy:10)
	at sun.reflect.NativeMethodAccessorImpl.invoke0(Native Method)
	at sun.reflect.NativeMethodAccessorImpl.invoke(NativeMethodAccessorImpl.java:39)
	at sun.reflect.DelegatingMethodAccessorImpl.invoke(DelegatingMethodAccessorImpl.java:25)
	at java.lang.reflect.Method.invoke(Method.java:585)
	at org.codehaus.groovy.reflection.CachedMethod.invoke(CachedMethod.java:86)
	at groovy.lang.MetaMethod.doMethodInvoke(MetaMethod.java:226)
	at groovy.lang.MetaClassImpl.invokeMethod(MetaClassImpl.java:899)
	at groovy.lang.ExpandoMetaClass.invokeMethod(ExpandoMetaClass.java:946)
	at org.codehaus.groovy.runtime.ScriptBytecodeAdapter.invokeMethodOnCurrentN(ScriptBytecodeAdapter.java:77)
	at JawrCSSController$_closure1.doCall(JawrCSSController.groovy)
	at sun.reflect.NativeMethodAccessorImpl.invoke0(Native Method)
	at sun.reflect.NativeMethodAccessorImpl.invoke(NativeMethodAccessorImpl.java:39)
	at sun.reflect.DelegatingMethodAccessorImpl.invoke(DelegatingMethodAccessorImpl.java:25)
	at java.lang.reflect.Method.invoke(Method.java:585)
	at org.codehaus.groovy.reflection.CachedMethod.invoke(CachedMethod.java:86)
	at groovy.lang.MetaMethod.doMethodInvoke(MetaMethod.java:226)
	at groovy.lang.MetaClassImpl.invokeMethod(MetaClassImpl.java:899)
	at groovy.lang.ExpandoMetaClass.invokeMethod(ExpandoMetaClass.java:946)
	at groovy.lang.MetaClassImpl.invokeMethod(MetaClassImpl.java:740)
	at groovy.lang.Closure.call(Closure.java:292)
	at groovy.lang.Closure.call(Closure.java:287)
	at org.codehaus.groovy.grails.web.servlet.mvc.SimpleGrailsControllerHelper.handleAction(SimpleGrailsControllerHelper.java:503)
	at org.codehaus.groovy.grails.web.servlet.mvc.SimpleGrailsControllerHelper.executeAction(SimpleGrailsControllerHelper.java:394)
	at org.codehaus.groovy.grails.web.servlet.mvc.SimpleGrailsControllerHelper.handleURI(SimpleGrailsControllerHelper.java:233)
	at org.codehaus.groovy.grails.web.servlet.mvc.SimpleGrailsControllerHelper.handleURI(SimpleGrailsControllerHelper.java:154)
	at org.codehaus.groovy.grails.web.servlet.mvc.SimpleGrailsController.handleRequest(SimpleGrailsController.java:88)
	at org.springframework.web.servlet.mvc.SimpleControllerHandlerAdapter.handle(SimpleControllerHandlerAdapter.java:48)
	at org.codehaus.groovy.grails.web.servlet.GrailsDispatcherServlet.doDispatch(GrailsDispatcherServlet.java:251)
	at org.springframework.web.servlet.DispatcherServlet.doService(DispatcherServlet.java:809)
	at org.springframework.web.servlet.FrameworkServlet.processRequest(FrameworkServlet.java:476)
	at org.springframework.web.servlet.FrameworkServlet.doGet(FrameworkServlet.java:431)
	at javax.servlet.http.HttpServlet.service(HttpServlet.java:707)
	at javax.servlet.http.HttpServlet.service(HttpServlet.java:820)
	at org.mortbay.jetty.servlet.ServletHolder.handle(ServletHolder.java:487)
	at org.mortbay.jetty.servlet.ServletHandler.handle(ServletHandler.java:367)
	at org.mortbay.jetty.security.SecurityHandler.handle(SecurityHandler.java:216)
	at org.mortbay.jetty.servlet.SessionHandler.handle(SessionHandler.java:181)
	at org.mortbay.jetty.handler.ContextHandler.handle(ContextHandler.java:712)
	at org.mortbay.jetty.webapp.WebAppContext.handle(WebAppContext.java:405)
	at org.mortbay.jetty.servlet.Dispatcher.forward(Dispatcher.java:268)
	at org.mortbay.jetty.servlet.Dispatcher.forward(Dispatcher.java:126)
	at org.codehaus.groovy.grails.web.util.WebUtils.forwardRequestForUrlMappingInfo(WebUtils.java:198)
	at org.codehaus.groovy.grails.web.util.WebUtils.forwardRequestForUrlMappingInfo(WebUtils.java:185)
	at org.codehaus.groovy.grails.web.mapping.filter.UrlMappingsFilter.doFilterInternal(UrlMappingsFilter.java:117)
	at org.springframework.web.filter.OncePerRequestFilter.doFilter(OncePerRequestFilter.java:75)
	at org.mortbay.jetty.servlet.ServletHandler$CachedChain.doFilter(ServletHandler.java:1089)
	at org.codehaus.groovy.grails.web.sitemesh.GrailsPageFilter.parsePage(GrailsPageFilter.java:119)
	at org.codehaus.groovy.grails.web.sitemesh.GrailsPageFilter.doFilter(GrailsPageFilter.java:82)
	at org.mortbay.jetty.servlet.ServletHandler$CachedChain.doFilter(ServletHandler.java:1089)
	at org.codehaus.groovy.grails.web.servlet.filter.GrailsReloadServletFilter.doFilterInternal(GrailsReloadServletFilter.java:98)
	at org.springframework.web.filter.OncePerRequestFilter.doFilter(OncePerRequestFilter.java:75)
	at org.mortbay.jetty.servlet.ServletHandler$CachedChain.doFilter(ServletHandler.java:1089)
	at org.codehaus.groovy.grails.web.servlet.mvc.GrailsWebRequestFilter.doFilterInternal(GrailsWebRequestFilter.java:68)
	at org.springframework.web.filter.OncePerRequestFilter.doFilter(OncePerRequestFilter.java:75)
	at org.mortbay.jetty.servlet.ServletHandler$CachedChain.doFilter(ServletHandler.java:1089)
	at org.springframework.web.filter.CharacterEncodingFilter.doFilterInternal(CharacterEncodingFilter.java:96)
	at org.springframework.web.filter.OncePerRequestFilter.doFilter(OncePerRequestFilter.java:75)
	at org.springframework.web.filter.DelegatingFilterProxy.invokeDelegate(DelegatingFilterProxy.java:183)
	at org.springframework.web.filter.DelegatingFilterProxy.doFilter(DelegatingFilterProxy.java:138)
	at org.mortbay.jetty.servlet.ServletHandler$CachedChain.doFilter(ServletHandler.java:1089)
	at org.mortbay.jetty.servlet.ServletHandler.handle(ServletHandler.java:365)
	at org.mortbay.jetty.security.SecurityHandler.handle(SecurityHandler.java:216)
	at org.mortbay.jetty.servlet.SessionHandler.handle(SessionHandler.java:181)
	at org.mortbay.jetty.handler.ContextHandler.handle(ContextHandler.java:712)
	at org.mortbay.jetty.webapp.WebAppContext.handle(WebAppContext.java:405)
	at org.mortbay.jetty.handler.HandlerWrapper.handle(HandlerWrapper.java:139)
	at org.mortbay.jetty.Server.handle(Server.java:295)
	at org.mortbay.jetty.HttpConnection.handleRequest(HttpConnection.java:503)
	at org.mortbay.jetty.HttpConnection$RequestHandler.headerComplete(HttpConnection.java:827)
	at org.mortbay.jetty.HttpParser.parseNext(HttpParser.java:511)
	at org.mortbay.jetty.HttpParser.parseAvailable(HttpParser.java:210)
	at org.mortbay.jetty.HttpConnection.handle(HttpConnection.java:379)
	at org.mortbay.io.nio.SelectChannelEndPoint.run(SelectChannelEndPoint.java:361)
	at org.mortbay.thread.BoundedThreadPool$PoolThread.run(BoundedThreadPool.java:442)
[20354] StackTrace Sanitizing stacktrace:
groovy.lang.MissingMethodException: No signature of method: JawrCSSController.prinln() is applicable for argument types: (java.lang.String) values: {"/style/413367994/bundles/all.css"}
	at JawrCSSController.invokeMethod(JawrCSSController.groovy)
	at JawrCSSController$_closure1.doCall(JawrCSSController.groovy:10)
	at JawrCSSController$_closure1.doCall(JawrCSSController.groovy)
[20854] StackTrace Sanitizing stacktrace:
groovy.lang.MissingMethodException: No signature of method: java.lang.String.replace() is applicable for argument types: (groovy.util.ConfigObject, java.lang.String) values: {[:], ""}
	at org.codehaus.groovy.runtime.ScriptBytecodeAdapter.unwrap(ScriptBytecodeAdapter.java:54)
	at org.codehaus.groovy.runtime.ScriptBytecodeAdapter.invokeMethodN(ScriptBytecodeAdapter.java:169)
	at JawrCSSController$_closure1.doCall(JawrCSSController.groovy:17)
	at sun.reflect.NativeMethodAccessorImpl.invoke0(Native Method)
	at sun.reflect.NativeMethodAccessorImpl.invoke(NativeMethodAccessorImpl.java:39)
	at sun.reflect.DelegatingMethodAccessorImpl.invoke(DelegatingMethodAccessorImpl.java:25)
	at java.lang.reflect.Method.invoke(Method.java:585)
	at org.codehaus.groovy.reflection.CachedMethod.invoke(CachedMethod.java:86)
	at groovy.lang.MetaMethod.doMethodInvoke(MetaMethod.java:226)
	at groovy.lang.MetaClassImpl.invokeMethod(MetaClassImpl.java:899)
	at groovy.lang.ExpandoMetaClass.invokeMethod(ExpandoMetaClass.java:946)
	at org.codehaus.groovy.runtime.ScriptBytecodeAdapter.invokeMethodOnCurrentN(ScriptBytecodeAdapter.java:77)
	at JawrCSSController$_closure1.doCall(JawrCSSController.groovy)
	at sun.reflect.NativeMethodAccessorImpl.invoke0(Native Method)
	at sun.reflect.NativeMethodAccessorImpl.invoke(NativeMethodAccessorImpl.java:39)
	at sun.reflect.DelegatingMethodAccessorImpl.invoke(DelegatingMethodAccessorImpl.java:25)
	at java.lang.reflect.Method.invoke(Method.java:585)
	at org.codehaus.groovy.reflection.CachedMethod.invoke(CachedMethod.java:86)
	at groovy.lang.MetaMethod.doMethodInvoke(MetaMethod.java:226)
	at groovy.lang.MetaClassImpl.invokeMethod(MetaClassImpl.java:899)
	at groovy.lang.ExpandoMetaClass.invokeMethod(ExpandoMetaClass.java:946)
	at groovy.lang.MetaClassImpl.invokeMethod(MetaClassImpl.java:740)
	at groovy.lang.Closure.call(Closure.java:292)
	at groovy.lang.Closure.call(Closure.java:287)
	at org.codehaus.groovy.grails.web.servlet.mvc.SimpleGrailsControllerHelper.handleAction(SimpleGrailsControllerHelper.java:503)
	at org.codehaus.groovy.grails.web.servlet.mvc.SimpleGrailsControllerHelper.executeAction(SimpleGrailsControllerHelper.java:394)
	at org.codehaus.groovy.grails.web.servlet.mvc.SimpleGrailsControllerHelper.handleURI(SimpleGrailsControllerHelper.java:233)
	at org.codehaus.groovy.grails.web.servlet.mvc.SimpleGrailsControllerHelper.handleURI(SimpleGrailsControllerHelper.java:154)
	at org.codehaus.groovy.grails.web.servlet.mvc.SimpleGrailsController.handleRequest(SimpleGrailsController.java:88)
	at org.springframework.web.servlet.mvc.SimpleControllerHandlerAdapter.handle(SimpleControllerHandlerAdapter.java:48)
	at org.codehaus.groovy.grails.web.servlet.GrailsDispatcherServlet.doDispatch(GrailsDispatcherServlet.java:251)
	at org.springframework.web.servlet.DispatcherServlet.doService(DispatcherServlet.java:809)
	at org.springframework.web.servlet.FrameworkServlet.processRequest(FrameworkServlet.java:476)
	at org.springframework.web.servlet.FrameworkServlet.doGet(FrameworkServlet.java:431)
	at javax.servlet.http.HttpServlet.service(HttpServlet.java:707)
	at javax.servlet.http.HttpServlet.service(HttpServlet.java:820)
	at org.mortbay.jetty.servlet.ServletHolder.handle(ServletHolder.java:487)
	at org.mortbay.jetty.servlet.ServletHandler.handle(ServletHandler.java:367)
	at org.mortbay.jetty.security.SecurityHandler.handle(SecurityHandler.java:216)
	at org.mortbay.jetty.servlet.SessionHandler.handle(SessionHandler.java:181)
	at org.mortbay.jetty.handler.ContextHandler.handle(ContextHandler.java:712)
	at org.mortbay.jetty.webapp.WebAppContext.handle(WebAppContext.java:405)
	at org.mortbay.jetty.servlet.Dispatcher.forward(Dispatcher.java:268)
	at org.mortbay.jetty.servlet.Dispatcher.forward(Dispatcher.java:126)
	at org.codehaus.groovy.grails.web.util.WebUtils.forwardRequestForUrlMappingInfo(WebUtils.java:198)
	at org.codehaus.groovy.grails.web.util.WebUtils.forwardRequestForUrlMappingInfo(WebUtils.java:185)
	at org.codehaus.groovy.grails.web.mapping.filter.UrlMappingsFilter.doFilterInternal(UrlMappingsFilter.java:117)
	at org.springframework.web.filter.OncePerRequestFilter.doFilter(OncePerRequestFilter.java:75)
	at org.mortbay.jetty.servlet.ServletHandler$CachedChain.doFilter(ServletHandler.java:1089)
	at org.codehaus.groovy.grails.web.sitemesh.GrailsPageFilter.parsePage(GrailsPageFilter.java:119)
	at org.codehaus.groovy.grails.web.sitemesh.GrailsPageFilter.doFilter(GrailsPageFilter.java:82)
	at org.mortbay.jetty.servlet.ServletHandler$CachedChain.doFilter(ServletHandler.java:1089)
	at org.codehaus.groovy.grails.web.servlet.filter.GrailsReloadServletFilter.doFilterInternal(GrailsReloadServletFilter.java:98)
	at org.springframework.web.filter.OncePerRequestFilter.doFilter(OncePerRequestFilter.java:75)
	at org.mortbay.jetty.servlet.ServletHandler$CachedChain.doFilter(ServletHandler.java:1089)
	at org.codehaus.groovy.grails.web.servlet.mvc.GrailsWebRequestFilter.doFilterInternal(GrailsWebRequestFilter.java:68)
	at org.springframework.web.filter.OncePerRequestFilter.doFilter(OncePerRequestFilter.java:75)
	at org.mortbay.jetty.servlet.ServletHandler$CachedChain.doFilter(ServletHandler.java:1089)
	at org.springframework.web.filter.CharacterEncodingFilter.doFilterInternal(CharacterEncodingFilter.java:96)
	at org.springframework.web.filter.OncePerRequestFilter.doFilter(OncePerRequestFilter.java:75)
	at org.springframework.web.filter.DelegatingFilterProxy.invokeDelegate(DelegatingFilterProxy.java:183)
	at org.springframework.web.filter.DelegatingFilterProxy.doFilter(DelegatingFilterProxy.java:138)
	at org.mortbay.jetty.servlet.ServletHandler$CachedChain.doFilter(ServletHandler.java:1089)
	at org.mortbay.jetty.servlet.ServletHandler.handle(ServletHandler.java:365)
	at org.mortbay.jetty.security.SecurityHandler.handle(SecurityHandler.java:216)
	at org.mortbay.jetty.servlet.SessionHandler.handle(SessionHandler.java:181)
	at org.mortbay.jetty.handler.ContextHandler.handle(ContextHandler.java:712)
	at org.mortbay.jetty.webapp.WebAppContext.handle(WebAppContext.java:405)
	at org.mortbay.jetty.handler.HandlerWrapper.handle(HandlerWrapper.java:139)
	at org.mortbay.jetty.Server.handle(Server.java:295)
	at org.mortbay.jetty.HttpConnection.handleRequest(HttpConnection.java:503)
	at org.mortbay.jetty.HttpConnection$RequestHandler.headerComplete(HttpConnection.java:827)
	at org.mortbay.jetty.HttpParser.parseNext(HttpParser.java:511)
	at org.mortbay.jetty.HttpParser.parseAvailable(HttpParser.java:210)
	at org.mortbay.jetty.HttpConnection.handle(HttpConnection.java:379)
	at org.mortbay.io.nio.SelectChannelEndPoint.run(SelectChannelEndPoint.java:361)
	at org.mortbay.thread.BoundedThreadPool$PoolThread.run(BoundedThreadPool.java:442)
[20870] StackTrace Sanitizing stacktrace:
groovy.lang.MissingMethodException: No signature of method: java.lang.String.replace() is applicable for argument types: (groovy.util.ConfigObject, java.lang.String) values: {[:], ""}
	at JawrCSSController$_closure1.doCall(JawrCSSController.groovy:17)
	at JawrCSSController$_closure1.doCall(JawrCSSController.groovy)
[21760] StackTrace Sanitizing stacktrace:
groovy.lang.MissingMethodException: No signature of method: java.lang.String.replace() is applicable for argument types: (groovy.util.ConfigObject, java.lang.String) values: {[:], ""}
	at org.codehaus.groovy.runtime.ScriptBytecodeAdapter.unwrap(ScriptBytecodeAdapter.java:54)
	at org.codehaus.groovy.runtime.ScriptBytecodeAdapter.invokeMethodN(ScriptBytecodeAdapter.java:169)
	at JawrJavascriptController$_closure1.doCall(JawrJavascriptController.groovy:15)
	at sun.reflect.NativeMethodAccessorImpl.invoke0(Native Method)
	at sun.reflect.NativeMethodAccessorImpl.invoke(NativeMethodAccessorImpl.java:39)
	at sun.reflect.DelegatingMethodAccessorImpl.invoke(DelegatingMethodAccessorImpl.java:25)
	at java.lang.reflect.Method.invoke(Method.java:585)
	at org.codehaus.groovy.reflection.CachedMethod.invoke(CachedMethod.java:86)
	at groovy.lang.MetaMethod.doMethodInvoke(MetaMethod.java:226)
	at groovy.lang.MetaClassImpl.invokeMethod(MetaClassImpl.java:899)
	at groovy.lang.ExpandoMetaClass.invokeMethod(ExpandoMetaClass.java:946)
	at org.codehaus.groovy.runtime.ScriptBytecodeAdapter.invokeMethodOnCurrentN(ScriptBytecodeAdapter.java:77)
	at JawrJavascriptController$_closure1.doCall(JawrJavascriptController.groovy)
	at sun.reflect.NativeMethodAccessorImpl.invoke0(Native Method)
	at sun.reflect.NativeMethodAccessorImpl.invoke(NativeMethodAccessorImpl.java:39)
	at sun.reflect.DelegatingMethodAccessorImpl.invoke(DelegatingMethodAccessorImpl.java:25)
	at java.lang.reflect.Method.invoke(Method.java:585)
	at org.codehaus.groovy.reflection.CachedMethod.invoke(CachedMethod.java:86)
	at groovy.lang.MetaMethod.doMethodInvoke(MetaMethod.java:226)
	at groovy.lang.MetaClassImpl.invokeMethod(MetaClassImpl.java:899)
	at groovy.lang.ExpandoMetaClass.invokeMethod(ExpandoMetaClass.java:946)
	at groovy.lang.MetaClassImpl.invokeMethod(MetaClassImpl.java:740)
	at groovy.lang.Closure.call(Closure.java:292)
	at groovy.lang.Closure.call(Closure.java:287)
	at org.codehaus.groovy.grails.web.servlet.mvc.SimpleGrailsControllerHelper.handleAction(SimpleGrailsControllerHelper.java:503)
	at org.codehaus.groovy.grails.web.servlet.mvc.SimpleGrailsControllerHelper.executeAction(SimpleGrailsControllerHelper.java:394)
	at org.codehaus.groovy.grails.web.servlet.mvc.SimpleGrailsControllerHelper.handleURI(SimpleGrailsControllerHelper.java:233)
	at org.codehaus.groovy.grails.web.servlet.mvc.SimpleGrailsControllerHelper.handleURI(SimpleGrailsControllerHelper.java:154)
	at org.codehaus.groovy.grails.web.servlet.mvc.SimpleGrailsController.handleRequest(SimpleGrailsController.java:88)
	at org.springframework.web.servlet.mvc.SimpleControllerHandlerAdapter.handle(SimpleControllerHandlerAdapter.java:48)
	at org.codehaus.groovy.grails.web.servlet.GrailsDispatcherServlet.doDispatch(GrailsDispatcherServlet.java:251)
	at org.springframework.web.servlet.DispatcherServlet.doService(DispatcherServlet.java:809)
	at org.springframework.web.servlet.FrameworkServlet.processRequest(FrameworkServlet.java:476)
	at org.springframework.web.servlet.FrameworkServlet.doGet(FrameworkServlet.java:431)
	at javax.servlet.http.HttpServlet.service(HttpServlet.java:707)
	at javax.servlet.http.HttpServlet.service(HttpServlet.java:820)
	at org.mortbay.jetty.servlet.ServletHolder.handle(ServletHolder.java:487)
	at org.mortbay.jetty.servlet.ServletHandler.handle(ServletHandler.java:367)
	at org.mortbay.jetty.security.SecurityHandler.handle(SecurityHandler.java:216)
	at org.mortbay.jetty.servlet.SessionHandler.handle(SessionHandler.java:181)
	at org.mortbay.jetty.handler.ContextHandler.handle(ContextHandler.java:712)
	at org.mortbay.jetty.webapp.WebAppContext.handle(WebAppContext.java:405)
	at org.mortbay.jetty.servlet.Dispatcher.forward(Dispatcher.java:268)
	at org.mortbay.jetty.servlet.Dispatcher.forward(Dispatcher.java:126)
	at org.codehaus.groovy.grails.web.util.WebUtils.forwardRequestForUrlMappingInfo(WebUtils.java:198)
	at org.codehaus.groovy.grails.web.util.WebUtils.forwardRequestForUrlMappingInfo(WebUtils.java:185)
	at org.codehaus.groovy.grails.web.mapping.filter.UrlMappingsFilter.doFilterInternal(UrlMappingsFilter.java:117)
	at org.springframework.web.filter.OncePerRequestFilter.doFilter(OncePerRequestFilter.java:75)
	at org.mortbay.jetty.servlet.ServletHandler$CachedChain.doFilter(ServletHandler.java:1089)
	at org.codehaus.groovy.grails.web.sitemesh.GrailsPageFilter.parsePage(GrailsPageFilter.java:119)
	at org.codehaus.groovy.grails.web.sitemesh.GrailsPageFilter.doFilter(GrailsPageFilter.java:82)
	at org.mortbay.jetty.servlet.ServletHandler$CachedChain.doFilter(ServletHandler.java:1089)
	at org.codehaus.groovy.grails.web.servlet.filter.GrailsReloadServletFilter.doFilterInternal(GrailsReloadServletFilter.java:98)
	at org.springframework.web.filter.OncePerRequestFilter.doFilter(OncePerRequestFilter.java:75)
	at org.mortbay.jetty.servlet.ServletHandler$CachedChain.doFilter(ServletHandler.java:1089)
	at org.codehaus.groovy.grails.web.servlet.mvc.GrailsWebRequestFilter.doFilterInternal(GrailsWebRequestFilter.java:68)
	at org.springframework.web.filter.OncePerRequestFilter.doFilter(OncePerRequestFilter.java:75)
	at org.mortbay.jetty.servlet.ServletHandler$CachedChain.doFilter(ServletHandler.java:1089)
	at org.springframework.web.filter.CharacterEncodingFilter.doFilterInternal(CharacterEncodingFilter.java:96)
	at org.springframework.web.filter.OncePerRequestFilter.doFilter(OncePerRequestFilter.java:75)
	at org.springframework.web.filter.DelegatingFilterProxy.invokeDelegate(DelegatingFilterProxy.java:183)
	at org.springframework.web.filter.DelegatingFilterProxy.doFilter(DelegatingFilterProxy.java:138)
	at org.mortbay.jetty.servlet.ServletHandler$CachedChain.doFilter(ServletHandler.java:1089)
	at org.mortbay.jetty.servlet.ServletHandler.handle(ServletHandler.java:365)
	at org.mortbay.jetty.security.SecurityHandler.handle(SecurityHandler.java:216)
	at org.mortbay.jetty.servlet.SessionHandler.handle(SessionHandler.java:181)
	at org.mortbay.jetty.handler.ContextHandler.handle(ContextHandler.java:712)
	at org.mortbay.jetty.webapp.WebAppContext.handle(WebAppContext.java:405)
	at org.mortbay.jetty.handler.HandlerWrapper.handle(HandlerWrapper.java:139)
	at org.mortbay.jetty.Server.handle(Server.java:295)
	at org.mortbay.jetty.HttpConnection.handleRequest(HttpConnection.java:503)
	at org.mortbay.jetty.HttpConnection$RequestHandler.headerComplete(HttpConnection.java:827)
	at org.mortbay.jetty.HttpParser.parseNext(HttpParser.java:511)
	at org.mortbay.jetty.HttpParser.parseAvailable(HttpParser.java:210)
	at org.mortbay.jetty.HttpConnection.handle(HttpConnection.java:379)
	at org.mortbay.io.nio.SelectChannelEndPoint.run(SelectChannelEndPoint.java:361)
	at org.mortbay.thread.BoundedThreadPool$PoolThread.run(BoundedThreadPool.java:442)
[21776] StackTrace Sanitizing stacktrace:
groovy.lang.MissingMethodException: No signature of method: java.lang.String.replace() is applicable for argument types: (groovy.util.ConfigObject, java.lang.String) values: {[:], ""}
	at JawrJavascriptController$_closure1.doCall(JawrJavascriptController.groovy:15)
	at JawrJavascriptController$_closure1.doCall(JawrJavascriptController.groovy)
[21901] StackTrace Sanitizing stacktrace:
groovy.lang.MissingMethodException: No signature of method: java.lang.String.replace() is applicable for argument types: (groovy.util.ConfigObject, java.lang.String) values: {[:], ""}
	at org.codehaus.groovy.runtime.ScriptBytecodeAdapter.unwrap(ScriptBytecodeAdapter.java:54)
	at org.codehaus.groovy.runtime.ScriptBytecodeAdapter.invokeMethodN(ScriptBytecodeAdapter.java:169)
	at JawrJavascriptController$_closure1.doCall(JawrJavascriptController.groovy:15)
	at sun.reflect.NativeMethodAccessorImpl.invoke0(Native Method)
	at sun.reflect.NativeMethodAccessorImpl.invoke(NativeMethodAccessorImpl.java:39)
	at sun.reflect.DelegatingMethodAccessorImpl.invoke(DelegatingMethodAccessorImpl.java:25)
	at java.lang.reflect.Method.invoke(Method.java:585)
	at org.codehaus.groovy.reflection.CachedMethod.invoke(CachedMethod.java:86)
	at groovy.lang.MetaMethod.doMethodInvoke(MetaMethod.java:226)
	at groovy.lang.MetaClassImpl.invokeMethod(MetaClassImpl.java:899)
	at groovy.lang.ExpandoMetaClass.invokeMethod(ExpandoMetaClass.java:946)
	at org.codehaus.groovy.runtime.ScriptBytecodeAdapter.invokeMethodOnCurrentN(ScriptBytecodeAdapter.java:77)
	at JawrJavascriptController$_closure1.doCall(JawrJavascriptController.groovy)
	at sun.reflect.NativeMethodAccessorImpl.invoke0(Native Method)
	at sun.reflect.NativeMethodAccessorImpl.invoke(NativeMethodAccessorImpl.java:39)
	at sun.reflect.DelegatingMethodAccessorImpl.invoke(DelegatingMethodAccessorImpl.java:25)
	at java.lang.reflect.Method.invoke(Method.java:585)
	at org.codehaus.groovy.reflection.CachedMethod.invoke(CachedMethod.java:86)
	at groovy.lang.MetaMethod.doMethodInvoke(MetaMethod.java:226)
	at groovy.lang.MetaClassImpl.invokeMethod(MetaClassImpl.java:899)
	at groovy.lang.ExpandoMetaClass.invokeMethod(ExpandoMetaClass.java:946)
	at groovy.lang.MetaClassImpl.invokeMethod(MetaClassImpl.java:740)
	at groovy.lang.Closure.call(Closure.java:292)
	at groovy.lang.Closure.call(Closure.java:287)
	at org.codehaus.groovy.grails.web.servlet.mvc.SimpleGrailsControllerHelper.handleAction(SimpleGrailsControllerHelper.java:503)
	at org.codehaus.groovy.grails.web.servlet.mvc.SimpleGrailsControllerHelper.executeAction(SimpleGrailsControllerHelper.java:394)
	at org.codehaus.groovy.grails.web.servlet.mvc.SimpleGrailsControllerHelper.handleURI(SimpleGrailsControllerHelper.java:233)
	at org.codehaus.groovy.grails.web.servlet.mvc.SimpleGrailsControllerHelper.handleURI(SimpleGrailsControllerHelper.java:154)
	at org.codehaus.groovy.grails.web.servlet.mvc.SimpleGrailsController.handleRequest(SimpleGrailsController.java:88)
	at org.springframework.web.servlet.mvc.SimpleControllerHandlerAdapter.handle(SimpleControllerHandlerAdapter.java:48)
	at org.codehaus.groovy.grails.web.servlet.GrailsDispatcherServlet.doDispatch(GrailsDispatcherServlet.java:251)
	at org.springframework.web.servlet.DispatcherServlet.doService(DispatcherServlet.java:809)
	at org.springframework.web.servlet.FrameworkServlet.processRequest(FrameworkServlet.java:476)
	at org.springframework.web.servlet.FrameworkServlet.doGet(FrameworkServlet.java:431)
	at javax.servlet.http.HttpServlet.service(HttpServlet.java:707)
	at javax.servlet.http.HttpServlet.service(HttpServlet.java:820)
	at org.mortbay.jetty.servlet.ServletHolder.handle(ServletHolder.java:487)
	at org.mortbay.jetty.servlet.ServletHandler.handle(ServletHandler.java:367)
	at org.mortbay.jetty.security.SecurityHandler.handle(SecurityHandler.java:216)
	at org.mortbay.jetty.servlet.SessionHandler.handle(SessionHandler.java:181)
	at org.mortbay.jetty.handler.ContextHandler.handle(ContextHandler.java:712)
	at org.mortbay.jetty.webapp.WebAppContext.handle(WebAppContext.java:405)
	at org.mortbay.jetty.servlet.Dispatcher.forward(Dispatcher.java:268)
	at org.mortbay.jetty.servlet.Dispatcher.forward(Dispatcher.java:126)
	at org.codehaus.groovy.grails.web.util.WebUtils.forwardRequestForUrlMappingInfo(WebUtils.java:198)
	at org.codehaus.groovy.grails.web.util.WebUtils.forwardRequestForUrlMappingInfo(WebUtils.java:185)
	at org.codehaus.groovy.grails.web.mapping.filter.UrlMappingsFilter.doFilterInternal(UrlMappingsFilter.java:117)
	at org.springframework.web.filter.OncePerRequestFilter.doFilter(OncePerRequestFilter.java:75)
	at org.mortbay.jetty.servlet.ServletHandler$CachedChain.doFilter(ServletHandler.java:1089)
	at org.codehaus.groovy.grails.web.sitemesh.GrailsPageFilter.parsePage(GrailsPageFilter.java:119)
	at org.codehaus.groovy.grails.web.sitemesh.GrailsPageFilter.doFilter(GrailsPageFilter.java:82)
	at org.mortbay.jetty.servlet.ServletHandler$CachedChain.doFilter(ServletHandler.java:1089)
	at org.codehaus.groovy.grails.web.servlet.filter.GrailsReloadServletFilter.doFilterInternal(GrailsReloadServletFilter.java:98)
	at org.springframework.web.filter.OncePerRequestFilter.doFilter(OncePerRequestFilter.java:75)
	at org.mortbay.jetty.servlet.ServletHandler$CachedChain.doFilter(ServletHandler.java:1089)
	at org.codehaus.groovy.grails.web.servlet.mvc.GrailsWebRequestFilter.doFilterInternal(GrailsWebRequestFilter.java:68)
	at org.springframework.web.filter.OncePerRequestFilter.doFilter(OncePerRequestFilter.java:75)
	at org.mortbay.jetty.servlet.ServletHandler$CachedChain.doFilter(ServletHandler.java:1089)
	at org.springframework.web.filter.CharacterEncodingFilter.doFilterInternal(CharacterEncodingFilter.java:96)
	at org.springframework.web.filter.OncePerRequestFilter.doFilter(OncePerRequestFilter.java:75)
	at org.springframework.web.filter.DelegatingFilterProxy.invokeDelegate(DelegatingFilterProxy.java:183)
	at org.springframework.web.filter.DelegatingFilterProxy.doFilter(DelegatingFilterProxy.java:138)
	at org.mortbay.jetty.servlet.ServletHandler$CachedChain.doFilter(ServletHandler.java:1089)
	at org.mortbay.jetty.servlet.ServletHandler.handle(ServletHandler.java:365)
	at org.mortbay.jetty.security.SecurityHandler.handle(SecurityHandler.java:216)
	at org.mortbay.jetty.servlet.SessionHandler.handle(SessionHandler.java:181)
	at org.mortbay.jetty.handler.ContextHandler.handle(ContextHandler.java:712)
	at org.mortbay.jetty.webapp.WebAppContext.handle(WebAppContext.java:405)
	at org.mortbay.jetty.handler.HandlerWrapper.handle(HandlerWrapper.java:139)
	at org.mortbay.jetty.Server.handle(Server.java:295)
	at org.mortbay.jetty.HttpConnection.handleRequest(HttpConnection.java:503)
	at org.mortbay.jetty.HttpConnection$RequestHandler.headerComplete(HttpConnection.java:827)
	at org.mortbay.jetty.HttpParser.parseNext(HttpParser.java:511)
	at org.mortbay.jetty.HttpParser.parseAvailable(HttpParser.java:210)
	at org.mortbay.jetty.HttpConnection.handle(HttpConnection.java:379)
	at org.mortbay.io.nio.SelectChannelEndPoint.run(SelectChannelEndPoint.java:361)
	at org.mortbay.thread.BoundedThreadPool$PoolThread.run(BoundedThreadPool.java:442)
[21901] StackTrace Sanitizing stacktrace:
groovy.lang.MissingMethodException: No signature of method: java.lang.String.replace() is applicable for argument types: (groovy.util.ConfigObject, java.lang.String) values: {[:], ""}
	at JawrJavascriptController$_closure1.doCall(JawrJavascriptController.groovy:15)
	at JawrJavascriptController$_closure1.doCall(JawrJavascriptController.groovy)
[22026] StackTrace Sanitizing stacktrace:
groovy.lang.MissingMethodException: No signature of method: java.lang.String.replace() is applicable for argument types: (groovy.util.ConfigObject, java.lang.String) values: {[:], ""}
	at org.codehaus.groovy.runtime.ScriptBytecodeAdapter.unwrap(ScriptBytecodeAdapter.java:54)
	at org.codehaus.groovy.runtime.ScriptBytecodeAdapter.invokeMethodN(ScriptBytecodeAdapter.java:169)
	at JawrCSSController$_closure1.doCall(JawrCSSController.groovy:17)
	at sun.reflect.NativeMethodAccessorImpl.invoke0(Native Method)
	at sun.reflect.NativeMethodAccessorImpl.invoke(NativeMethodAccessorImpl.java:39)
	at sun.reflect.DelegatingMethodAccessorImpl.invoke(DelegatingMethodAccessorImpl.java:25)
	at java.lang.reflect.Method.invoke(Method.java:585)
	at org.codehaus.groovy.reflection.CachedMethod.invoke(CachedMethod.java:86)
	at groovy.lang.MetaMethod.doMethodInvoke(MetaMethod.java:226)
	at groovy.lang.MetaClassImpl.invokeMethod(MetaClassImpl.java:899)
	at groovy.lang.ExpandoMetaClass.invokeMethod(ExpandoMetaClass.java:946)
	at org.codehaus.groovy.runtime.ScriptBytecodeAdapter.invokeMethodOnCurrentN(ScriptBytecodeAdapter.java:77)
	at JawrCSSController$_closure1.doCall(JawrCSSController.groovy)
	at sun.reflect.NativeMethodAccessorImpl.invoke0(Native Method)
	at sun.reflect.NativeMethodAccessorImpl.invoke(NativeMethodAccessorImpl.java:39)
	at sun.reflect.DelegatingMethodAccessorImpl.invoke(DelegatingMethodAccessorImpl.java:25)
	at java.lang.reflect.Method.invoke(Method.java:585)
	at org.codehaus.groovy.reflection.CachedMethod.invoke(CachedMethod.java:86)
	at groovy.lang.MetaMethod.doMethodInvoke(MetaMethod.java:226)
	at groovy.lang.MetaClassImpl.invokeMethod(MetaClassImpl.java:899)
	at groovy.lang.ExpandoMetaClass.invokeMethod(ExpandoMetaClass.java:946)
	at groovy.lang.MetaClassImpl.invokeMethod(MetaClassImpl.java:740)
	at groovy.lang.Closure.call(Closure.java:292)
	at groovy.lang.Closure.call(Closure.java:287)
	at org.codehaus.groovy.grails.web.servlet.mvc.SimpleGrailsControllerHelper.handleAction(SimpleGrailsControllerHelper.java:503)
	at org.codehaus.groovy.grails.web.servlet.mvc.SimpleGrailsControllerHelper.executeAction(SimpleGrailsControllerHelper.java:394)
	at org.codehaus.groovy.grails.web.servlet.mvc.SimpleGrailsControllerHelper.handleURI(SimpleGrailsControllerHelper.java:233)
	at org.codehaus.groovy.grails.web.servlet.mvc.SimpleGrailsControllerHelper.handleURI(SimpleGrailsControllerHelper.java:154)
	at org.codehaus.groovy.grails.web.servlet.mvc.SimpleGrailsController.handleRequest(SimpleGrailsController.java:88)
	at org.springframework.web.servlet.mvc.SimpleControllerHandlerAdapter.handle(SimpleControllerHandlerAdapter.java:48)
	at org.codehaus.groovy.grails.web.servlet.GrailsDispatcherServlet.doDispatch(GrailsDispatcherServlet.java:251)
	at org.springframework.web.servlet.DispatcherServlet.doService(DispatcherServlet.java:809)
	at org.springframework.web.servlet.FrameworkServlet.processRequest(FrameworkServlet.java:476)
	at org.springframework.web.servlet.FrameworkServlet.doGet(FrameworkServlet.java:431)
	at javax.servlet.http.HttpServlet.service(HttpServlet.java:707)
	at javax.servlet.http.HttpServlet.service(HttpServlet.java:820)
	at org.mortbay.jetty.servlet.ServletHolder.handle(ServletHolder.java:487)
	at org.mortbay.jetty.servlet.ServletHandler.handle(ServletHandler.java:367)
	at org.mortbay.jetty.security.SecurityHandler.handle(SecurityHandler.java:216)
	at org.mortbay.jetty.servlet.SessionHandler.handle(SessionHandler.java:181)
	at org.mortbay.jetty.handler.ContextHandler.handle(ContextHandler.java:712)
	at org.mortbay.jetty.webapp.WebAppContext.handle(WebAppContext.java:405)
	at org.mortbay.jetty.servlet.Dispatcher.forward(Dispatcher.java:268)
	at org.mortbay.jetty.servlet.Dispatcher.forward(Dispatcher.java:126)
	at org.codehaus.groovy.grails.web.util.WebUtils.forwardRequestForUrlMappingInfo(WebUtils.java:198)
	at org.codehaus.groovy.grails.web.util.WebUtils.forwardRequestForUrlMappingInfo(WebUtils.java:185)
	at org.codehaus.groovy.grails.web.mapping.filter.UrlMappingsFilter.doFilterInternal(UrlMappingsFilter.java:117)
	at org.springframework.web.filter.OncePerRequestFilter.doFilter(OncePerRequestFilter.java:75)
	at org.mortbay.jetty.servlet.ServletHandler$CachedChain.doFilter(ServletHandler.java:1089)
	at org.codehaus.groovy.grails.web.sitemesh.GrailsPageFilter.parsePage(GrailsPageFilter.java:119)
	at org.codehaus.groovy.grails.web.sitemesh.GrailsPageFilter.doFilter(GrailsPageFilter.java:82)
	at org.mortbay.jetty.servlet.ServletHandler$CachedChain.doFilter(ServletHandler.java:1089)
	at org.codehaus.groovy.grails.web.servlet.filter.GrailsReloadServletFilter.doFilterInternal(GrailsReloadServletFilter.java:98)
	at org.springframework.web.filter.OncePerRequestFilter.doFilter(OncePerRequestFilter.java:75)
	at org.mortbay.jetty.servlet.ServletHandler$CachedChain.doFilter(ServletHandler.java:1089)
	at org.codehaus.groovy.grails.web.servlet.mvc.GrailsWebRequestFilter.doFilterInternal(GrailsWebRequestFilter.java:68)
	at org.springframework.web.filter.OncePerRequestFilter.doFilter(OncePerRequestFilter.java:75)
	at org.mortbay.jetty.servlet.ServletHandler$CachedChain.doFilter(ServletHandler.java:1089)
	at org.springframework.web.filter.CharacterEncodingFilter.doFilterInternal(CharacterEncodingFilter.java:96)
	at org.springframework.web.filter.OncePerRequestFilter.doFilter(OncePerRequestFilter.java:75)
	at org.springframework.web.filter.DelegatingFilterProxy.invokeDelegate(DelegatingFilterProxy.java:183)
	at org.springframework.web.filter.DelegatingFilterProxy.doFilter(DelegatingFilterProxy.java:138)
	at org.mortbay.jetty.servlet.ServletHandler$CachedChain.doFilter(ServletHandler.java:1089)
	at org.mortbay.jetty.servlet.ServletHandler.handle(ServletHandler.java:365)
	at org.mortbay.jetty.security.SecurityHandler.handle(SecurityHandler.java:216)
	at org.mortbay.jetty.servlet.SessionHandler.handle(SessionHandler.java:181)
	at org.mortbay.jetty.handler.ContextHandler.handle(ContextHandler.java:712)
	at org.mortbay.jetty.webapp.WebAppContext.handle(WebAppContext.java:405)
	at org.mortbay.jetty.handler.HandlerWrapper.handle(HandlerWrapper.java:139)
	at org.mortbay.jetty.Server.handle(Server.java:295)
	at org.mortbay.jetty.HttpConnection.handleRequest(HttpConnection.java:503)
	at org.mortbay.jetty.HttpConnection$RequestHandler.headerComplete(HttpConnection.java:827)
	at org.mortbay.jetty.HttpParser.parseNext(HttpParser.java:511)
	at org.mortbay.jetty.HttpParser.parseAvailable(HttpParser.java:210)
	at org.mortbay.jetty.HttpConnection.handle(HttpConnection.java:379)
	at org.mortbay.io.nio.SelectChannelEndPoint.run(SelectChannelEndPoint.java:361)
	at org.mortbay.thread.BoundedThreadPool$PoolThread.run(BoundedThreadPool.java:442)
[22026] StackTrace Sanitizing stacktrace:
groovy.lang.MissingMethodException: No signature of method: java.lang.String.replace() is applicable for argument types: (groovy.util.ConfigObject, java.lang.String) values: {[:], ""}
	at JawrCSSController$_closure1.doCall(JawrCSSController.groovy:17)
	at JawrCSSController$_closure1.doCall(JawrCSSController.groovy)
[133828] StackTrace Sanitizing stacktrace:
groovy.lang.MissingPropertyException: No such property: conf for class: JawrGrailsPlugin
	at org.codehaus.groovy.runtime.ScriptBytecodeAdapter.unwrap(ScriptBytecodeAdapter.java:49)
	at org.codehaus.groovy.runtime.ScriptBytecodeAdapter.unwrap(ScriptBytecodeAdapter.java:59)
	at org.codehaus.groovy.runtime.ScriptBytecodeAdapter.invokeMethodN(ScriptBytecodeAdapter.java:169)
	at JawrGrailsPlugin.getProperty(JawrGrailsPlugin.groovy)
	at org.codehaus.groovy.runtime.InvokerHelper.getProperty(InvokerHelper.java:172)
	at groovy.lang.Closure.getPropertyTryThese(Closure.java:200)
	at groovy.lang.Closure.getPropertyOwnerFirst(Closure.java:216)
	at groovy.lang.Closure.getProperty(Closure.java:186)
	at org.codehaus.groovy.runtime.ScriptBytecodeAdapter.getGroovyObjectProperty(ScriptBytecodeAdapter.java:531)
	at JawrGrailsPlugin$_closure3.doCall(JawrGrailsPlugin.groovy:58)
	at sun.reflect.NativeMethodAccessorImpl.invoke0(Native Method)
	at sun.reflect.NativeMethodAccessorImpl.invoke(NativeMethodAccessorImpl.java:39)
	at sun.reflect.DelegatingMethodAccessorImpl.invoke(DelegatingMethodAccessorImpl.java:25)
	at java.lang.reflect.Method.invoke(Method.java:324)
	at org.codehaus.groovy.reflection.CachedMethod.invoke(CachedMethod.java:86)
	at groovy.lang.MetaMethod.doMethodInvoke(MetaMethod.java:226)
	at groovy.lang.MetaClassImpl.invokeMethod(MetaClassImpl.java:899)
	at groovy.lang.ExpandoMetaClass.invokeMethod(ExpandoMetaClass.java:946)
	at groovy.lang.MetaClassImpl.invokeMethod(MetaClassImpl.java:740)
	at groovy.lang.Closure.call(Closure.java:292)
	at org.codehaus.groovy.grails.plugins.DefaultGrailsPlugin.invokeOnChangeListener(DefaultGrailsPlugin.java:752)
	at org.codehaus.groovy.grails.plugins.DefaultGrailsPlugin.notifyOfEvent(DefaultGrailsPlugin.java:716)
	at org.codehaus.groovy.grails.plugins.DefaultGrailsPlugin.notifyOfEvent(DefaultGrailsPlugin.java:731)
	at org.codehaus.groovy.grails.plugins.DefaultGrailsPlugin.fireModifiedEvent(DefaultGrailsPlugin.java:599)
	at org.codehaus.groovy.grails.plugins.DefaultGrailsPlugin.checkForChanges(DefaultGrailsPlugin.java:443)
	at org.codehaus.groovy.grails.plugins.DefaultGrailsPluginManager.checkForChanges(DefaultGrailsPluginManager.java:561)
	at org.codehaus.groovy.grails.web.servlet.filter.GrailsReloadServletFilter.doFilterInternal(GrailsReloadServletFilter.java:111)
	at org.springframework.web.filter.OncePerRequestFilter.doFilter(OncePerRequestFilter.java:75)
	at org.mortbay.jetty.servlet.ServletHandler$CachedChain.doFilter(ServletHandler.java:1089)
	at org.codehaus.groovy.grails.web.servlet.mvc.GrailsWebRequestFilter.doFilterInternal(GrailsWebRequestFilter.java:68)
	at org.springframework.web.filter.OncePerRequestFilter.doFilter(OncePerRequestFilter.java:75)
	at org.mortbay.jetty.servlet.ServletHandler$CachedChain.doFilter(ServletHandler.java:1089)
	at org.springframework.web.filter.CharacterEncodingFilter.doFilterInternal(CharacterEncodingFilter.java:96)
	at org.springframework.web.filter.OncePerRequestFilter.doFilter(OncePerRequestFilter.java:75)
	at org.springframework.web.filter.DelegatingFilterProxy.invokeDelegate(DelegatingFilterProxy.java:183)
	at org.springframework.web.filter.DelegatingFilterProxy.doFilter(DelegatingFilterProxy.java:138)
	at org.mortbay.jetty.servlet.ServletHandler$CachedChain.doFilter(ServletHandler.java:1089)
	at org.mortbay.jetty.servlet.ServletHandler.handle(ServletHandler.java:365)
	at org.mortbay.jetty.security.SecurityHandler.handle(SecurityHandler.java:216)
	at org.mortbay.jetty.servlet.SessionHandler.handle(SessionHandler.java:181)
	at org.mortbay.jetty.handler.ContextHandler.handle(ContextHandler.java:712)
	at org.mortbay.jetty.webapp.WebAppContext.handle(WebAppContext.java:405)
	at org.mortbay.jetty.handler.HandlerWrapper.handle(HandlerWrapper.java:139)
	at org.mortbay.jetty.Server.handle(Server.java:295)
	at org.mortbay.jetty.HttpConnection.handleRequest(HttpConnection.java:503)
	at org.mortbay.jetty.HttpConnection$RequestHandler.headerComplete(HttpConnection.java:827)
	at org.mortbay.jetty.HttpParser.parseNext(HttpParser.java:511)
	at org.mortbay.jetty.HttpParser.parseAvailable(HttpParser.java:210)
	at org.mortbay.jetty.HttpConnection.handle(HttpConnection.java:379)
	at org.mortbay.io.nio.SelectChannelEndPoint.run(SelectChannelEndPoint.java:361)
	at org.mortbay.thread.BoundedThreadPool$PoolThread.run(BoundedThreadPool.java:442)
